[ 2015-05-04T17:41:23+08:00 ] 127.0.0.1 /momo/
INFO: [ app_init ] --START--
INFO: Run Behavior\BuildLiteBehavior [ RunTime:0.001500s ]
INFO: [ app_init ] --END-- [ RunTime:0.007001s ]
INFO: [ app_begin ] --START--
INFO: Run Behavior\ReadHtmlCacheBehavior [ RunTime:0.002000s ]
INFO: [ app_begin ] --END-- [ RunTime:0.005001s ]

[ 2015-05-04T17:41:24+08:00 ] 127.0.0.1 /momo/Home/Public/login.html
INFO: [ app_init ] --START--
INFO: Run Behavior\BuildLiteBehavior [ RunTime:0.001000s ]
INFO: [ app_init ] --END-- [ RunTime:0.005001s ]
INFO: [ app_begin ] --START--
INFO: Run Behavior\ReadHtmlCacheBehavior [ RunTime:0.002500s ]
INFO: [ app_begin ] --END-- [ RunTime:0.005000s ]
INFO: [ view_parse ] --START--
INFO: [ template_filter ] --START--
INFO: Run Behavior\ContentReplaceBehavior [ RunTime:0.001500s ]
INFO: [ template_filter ] --END-- [ RunTime:0.004000s ]
INFO: Run Behavior\ParseTemplateBehavior [ RunTime:0.060508s ]
INFO: [ view_parse ] --END-- [ RunTime:0.064008s ]
INFO: [ view_filter ] --START--
INFO: Run Behavior\WriteHtmlCacheBehavior [ RunTime:0.002001s ]
INFO: [ view_filter ] --END-- [ RunTime:0.004001s ]
INFO: [ app_end ] --START--
INFO: Run Behavior\ShowPageTraceBehavior [ RunTime:0.003500s ]
INFO: [ app_end ] --END-- [ RunTime:0.008001s ]

[ 2015-05-04T17:41:25+08:00 ] 127.0.0.1 /momo/Home/Public/verify.html?id=0.2897880211188164
INFO: [ app_init ] --START--
INFO: Run Behavior\BuildLiteBehavior [ RunTime:0.001000s ]
INFO: [ app_init ] --END-- [ RunTime:0.005501s ]
INFO: [ app_begin ] --START--
INFO: Run Behavior\ReadHtmlCacheBehavior [ RunTime:0.001500s ]
INFO: [ app_begin ] --END-- [ RunTime:0.004501s ]
INFO: [ app_end ] --START--
INFO: Run Behavior\ShowPageTraceBehavior [ RunTime:0.002000s ]
INFO: [ app_end ] --END-- [ RunTime:0.005000s ]

[ 2015-05-04T17:41:33+08:00 ] 127.0.0.1 /momo/Home/Public/login.html
INFO: [ app_init ] --START--
INFO: Run Behavior\BuildLiteBehavior [ RunTime:0.001001s ]
INFO: [ app_init ] --END-- [ RunTime:0.005001s ]
INFO: [ app_begin ] --START--
INFO: Run Behavior\ReadHtmlCacheBehavior [ RunTime:0.001500s ]
INFO: [ app_begin ] --END-- [ RunTime:0.003500s ]

[ 2015-05-04T17:41:34+08:00 ] 127.0.0.1 /momo/Home/Public/verify.html?id=0.45420915740313883
INFO: [ app_init ] --START--
INFO: Run Behavior\BuildLiteBehavior [ RunTime:0.001000s ]
INFO: [ app_init ] --END-- [ RunTime:0.005501s ]
INFO: [ app_begin ] --START--
INFO: Run Behavior\ReadHtmlCacheBehavior [ RunTime:0.002001s ]
INFO: [ app_begin ] --END-- [ RunTime:0.005001s ]
INFO: [ app_end ] --START--
INFO: Run Behavior\ShowPageTraceBehavior [ RunTime:0.001500s ]
INFO: [ app_end ] --END-- [ RunTime:0.003500s ]

[ 2015-05-04T17:41:43+08:00 ] 127.0.0.1 /momo/Home/Public/login.html
INFO: [ app_init ] --START--
INFO: Run Behavior\BuildLiteBehavior [ RunTime:0.000500s ]
INFO: [ app_init ] --END-- [ RunTime:0.003501s ]
INFO: [ app_begin ] --START--
INFO: Run Behavior\ReadHtmlCacheBehavior [ RunTime:0.001000s ]
INFO: [ app_begin ] --END-- [ RunTime:0.003000s ]

[ 2015-05-04T17:41:44+08:00 ] 127.0.0.1 /momo/Home/Public/verify.html?id=0.5369552570065702
INFO: [ app_init ] --START--
INFO: Run Behavior\BuildLiteBehavior [ RunTime:0.000500s ]
INFO: [ app_init ] --END-- [ RunTime:0.003000s ]
INFO: [ app_begin ] --START--
INFO: Run Behavior\ReadHtmlCacheBehavior [ RunTime:0.001500s ]
INFO: [ app_begin ] --END-- [ RunTime:0.003501s ]
INFO: [ app_end ] --START--
INFO: Run Behavior\ShowPageTraceBehavior [ RunTime:0.002000s ]
INFO: [ app_end ] --END-- [ RunTime:0.005501s ]

[ 2015-05-04T17:41:49+08:00 ] 127.0.0.1 /momo/Home/Public/login.html
INFO: [ app_init ] --START--
INFO: Run Behavior\BuildLiteBehavior [ RunTime:0.000500s ]
INFO: [ app_init ] --END-- [ RunTime:0.003000s ]
INFO: [ app_begin ] --START--
INFO: Run Behavior\ReadHtmlCacheBehavior [ RunTime:0.001500s ]
INFO: [ app_begin ] --END-- [ RunTime:0.004000s ]
SQL: SHOW COLUMNS FROM `momo_member` [ RunTime:0.0325s ]
SQL: SELECT * FROM `momo_member` WHERE `username` = 'admin' AND `password` = '21232f297a57a5a743894a0e4a801fc3' AND `status` = 1  [ RunTime:0.0355s ]
SQL: UPDATE `momo_member` SET `login`=`login`+1,`last_login_time`='1430732509',`last_login_ip`='2130706433' WHERE `uid` = 1 [ RunTime:0.0900s ]

[ 2015-05-04T17:41:49+08:00 ] 127.0.0.1 /momo/Home/Index/index.html
INFO: [ app_init ] --START--
INFO: Run Behavior\BuildLiteBehavior [ RunTime:0.000500s ]
INFO: [ app_init ] --END-- [ RunTime:0.004501s ]
INFO: [ app_begin ] --START--
INFO: Run Behavior\ReadHtmlCacheBehavior [ RunTime:0.002001s ]
INFO: [ app_begin ] --END-- [ RunTime:0.004001s ]
INFO: [ view_parse ] --START--
INFO: [ template_filter ] --START--
INFO: Run Behavior\ContentReplaceBehavior [ RunTime:0.002000s ]
INFO: [ template_filter ] --END-- [ RunTime:0.005501s ]
INFO: Run Behavior\ParseTemplateBehavior [ RunTime:0.043005s ]
INFO: [ view_parse ] --END-- [ RunTime:0.046006s ]
INFO: [ view_filter ] --START--
INFO: Run Behavior\WriteHtmlCacheBehavior [ RunTime:0.002000s ]
INFO: [ view_filter ] --END-- [ RunTime:0.005000s ]
INFO: [ app_end ] --START--
INFO: Run Behavior\ShowPageTraceBehavior [ RunTime:0.001500s ]
INFO: [ app_end ] --END-- [ RunTime:0.004501s ]

[ 2015-05-04T17:41:51+08:00 ] 127.0.0.1 /momo/Home/Menu/config.html?node=root
INFO: [ app_init ] --START--
INFO: Run Behavior\BuildLiteBehavior [ RunTime:0.000000s ]
INFO: [ app_init ] --END-- [ RunTime:0.003501s ]
INFO: [ app_begin ] --START--
INFO: Run Behavior\ReadHtmlCacheBehavior [ RunTime:0.005001s ]
INFO: [ app_begin ] --END-- [ RunTime:0.013001s ]

[ 2015-05-04T17:41:51+08:00 ] 127.0.0.1 /momo/Home/Menu/inquiry.html?node=root
INFO: [ app_init ] --START--
INFO: Run Behavior\BuildLiteBehavior [ RunTime:0.000500s ]
INFO: [ app_init ] --END-- [ RunTime:0.010501s ]
INFO: [ app_begin ] --START--
INFO: Run Behavior\ReadHtmlCacheBehavior [ RunTime:0.007501s ]
INFO: [ app_begin ] --END-- [ RunTime:0.013002s ]

[ 2015-05-04T17:41:55+08:00 ] 127.0.0.1 /momo/Home/ChartLine/getInfo.html?_dc=1430732511671&page=1&start=0&limit=25
INFO: [ app_init ] --START--
INFO: Run Behavior\BuildLiteBehavior [ RunTime:0.001001s ]
INFO: [ app_init ] --END-- [ RunTime:0.004001s ]
INFO: [ app_begin ] --START--
INFO: Run Behavior\ReadHtmlCacheBehavior [ RunTime:0.007501s ]
INFO: [ app_begin ] --END-- [ RunTime:0.013502s ]

[ 2015-05-04T17:41:55+08:00 ] 127.0.0.1 /momo/Home/User/getInfo.html?_dc=1430732511667&page=1&start=0&limit=15
INFO: [ app_init ] --START--
INFO: Run Behavior\BuildLiteBehavior [ RunTime:0.000500s ]
INFO: [ app_init ] --END-- [ RunTime:0.015002s ]
INFO: [ app_begin ] --START--
INFO: Run Behavior\ReadHtmlCacheBehavior [ RunTime:0.005001s ]
INFO: [ app_begin ] --END-- [ RunTime:0.010501s ]
SQL: SHOW COLUMNS FROM `momo_user` [ RunTime:0.0025s ]
SQL: SELECT COUNT(*) AS tp_count FROM `momo_user` WHERE ( id>=1 ) LIMIT 1   [ RunTime:0.0010s ]
SQL: SELECT * FROM `momo_user` LIMIT 0,15   [ RunTime:0.0010s ]

[ 2015-05-04T17:41:55+08:00 ] 127.0.0.1 /momo/Home/Grade/getInfo.html?_dc=1430732511669&page=1&start=0&limit=15
INFO: [ app_init ] --START--
INFO: Run Behavior\BuildLiteBehavior [ RunTime:0.000500s ]
INFO: [ app_init ] --END-- [ RunTime:0.010502s ]
INFO: [ app_begin ] --START--
INFO: Run Behavior\ReadHtmlCacheBehavior [ RunTime:0.006501s ]
INFO: [ app_begin ] --END-- [ RunTime:0.015001s ]
SQL: SHOW COLUMNS FROM `momo_grade` [ RunTime:0.0030s ]
SQL: SELECT COUNT(*) AS tp_count FROM `momo_grade` WHERE ( id>=1 ) LIMIT 1   [ RunTime:0.0005s ]
SQL: SELECT * FROM `momo_grade` LIMIT 0,15   [ RunTime:0.0010s ]

[ 2015-05-04T17:41:55+08:00 ] 127.0.0.1 /momo/Home/ChartBar/getInfo.html?_dc=1430732511674&page=1&start=0&limit=25
INFO: [ app_init ] --START--
INFO: Run Behavior\BuildLiteBehavior [ RunTime:0.001001s ]
INFO: [ app_init ] --END-- [ RunTime:0.020002s ]
INFO: [ app_begin ] --START--
INFO: Run Behavior\ReadHtmlCacheBehavior [ RunTime:0.004000s ]
INFO: [ app_begin ] --END-- [ RunTime:0.008001s ]

[ 2015-05-04T17:42:32+08:00 ] 127.0.0.1 /momo/Home/Grade/getInfo.html?_dc=1430732551957&page=1&start=0&limit=15
INFO: [ app_init ] --START--
INFO: Run Behavior\BuildLiteBehavior [ RunTime:0.000500s ]
INFO: [ app_init ] --END-- [ RunTime:0.006501s ]
INFO: [ app_begin ] --START--
INFO: Run Behavior\ReadHtmlCacheBehavior [ RunTime:0.002500s ]
INFO: [ app_begin ] --END-- [ RunTime:0.004000s ]
SQL: SHOW COLUMNS FROM `momo_grade` [ RunTime:0.0025s ]
SQL: SELECT COUNT(*) AS tp_count FROM `momo_grade` WHERE ( id>=1 ) LIMIT 1   [ RunTime:0.0005s ]
SQL: SELECT * FROM `momo_grade` LIMIT 0,15   [ RunTime:0.0005s ]

[ 2015-05-04T17:42:58+08:00 ] 127.0.0.1 /momo/Home/Grade/getInfo.html?_dc=1430732578170&page=1&start=0&limit=15
INFO: [ app_init ] --START--
INFO: Run Behavior\BuildLiteBehavior [ RunTime:0.000501s ]
INFO: [ app_init ] --END-- [ RunTime:0.003501s ]
INFO: [ app_begin ] --START--
INFO: Run Behavior\ReadHtmlCacheBehavior [ RunTime:0.003501s ]
INFO: [ app_begin ] --END-- [ RunTime:0.006001s ]
SQL: SHOW COLUMNS FROM `momo_grade` [ RunTime:0.0025s ]
SQL: SELECT COUNT(*) AS tp_count FROM `momo_grade` WHERE ( id>=1 ) LIMIT 1   [ RunTime:0.0005s ]
SQL: SELECT * FROM `momo_grade` LIMIT 0,15   [ RunTime:0.0005s ]

[ 2015-05-04T17:43:21+08:00 ] 127.0.0.1 /momo/Home/ConfigDbset/getInfo.html
INFO: [ app_init ] --START--
INFO: Run Behavior\BuildLiteBehavior [ RunTime:0.000500s ]
INFO: [ app_init ] --END-- [ RunTime:0.003501s ]
INFO: [ app_begin ] --START--
INFO: Run Behavior\ReadHtmlCacheBehavior [ RunTime:0.002501s ]
INFO: [ app_begin ] --END-- [ RunTime:0.006001s ]
SQL: SHOW COLUMNS FROM `momo_config_dbset` [ RunTime:0.0035s ]
SQL: SELECT * FROM `momo_config_dbset` WHERE `id` = 1  [ RunTime:0.0155s ]

[ 2015-05-04T17:43:22+08:00 ] 127.0.0.1 /momo/Home/ConfigNetset/getInfo.html
INFO: [ app_init ] --START--
INFO: Run Behavior\BuildLiteBehavior [ RunTime:0.000500s ]
INFO: [ app_init ] --END-- [ RunTime:0.003501s ]
INFO: [ app_begin ] --START--
INFO: Run Behavior\ReadHtmlCacheBehavior [ RunTime:0.002500s ]
INFO: [ app_begin ] --END-- [ RunTime:0.006501s ]
SQL: SHOW COLUMNS FROM `momo_config_netset` [ RunTime:0.0035s ]
SQL: SELECT * FROM `momo_config_netset` WHERE `id` = 1  [ RunTime:0.0005s ]

[ 2015-05-04T17:43:29+08:00 ] 127.0.0.1 /momo/Home/ConfigNetset/editInfo.html
INFO: [ app_init ] --START--
INFO: Run Behavior\BuildLiteBehavior [ RunTime:0.001000s ]
INFO: [ app_init ] --END-- [ RunTime:0.006001s ]
INFO: [ app_begin ] --START--
INFO: Run Behavior\ReadHtmlCacheBehavior [ RunTime:0.002001s ]
INFO: [ app_begin ] --END-- [ RunTime:0.005501s ]
SQL: SHOW COLUMNS FROM `momo_config_netset` [ RunTime:0.0030s ]
SQL: UPDATE `momo_config_netset` SET `web_name`='陌陌',`web_title`='上海陌陌有限公司',`web_keywords`='陌陌是一款基于地理位置的移动社交工具。使用者可以通过陌陌认识附近的人，免费发送文字消息、语音、照片以及精准的地理位置和身边的人更好的交流；可以使用陌陌创建和加入附近的兴趣小组、留言及附近活动和陌陌吧，丰富自己的社交圈。',`web_description`='陌陌正式宣布，截止2014年6月30日，总注册用户突破1.48亿，月度活跃用户超过5234万，陌陌总群组总数超过356万。据了解，截止2014年7月10日，陌陌总用户数已经超过1.5亿。2014年陌陌卷入创意抄袭风波。',`web_remark`='<b>陌陌@编辑器测试</b><br><font color=\"008000\">度月飞天 465264324@qq.com</font><br><font face=\"arial\"><b></b></font>' WHERE `id` = 1 [ RunTime:0.1295s ]

[ 2015-05-04T17:43:34+08:00 ] 127.0.0.1 /momo/Home/ConfigNetset/getInfo.html
INFO: [ app_init ] --START--
INFO: Run Behavior\BuildLiteBehavior [ RunTime:0.001000s ]
INFO: [ app_init ] --END-- [ RunTime:0.004501s ]
INFO: [ app_begin ] --START--
INFO: Run Behavior\ReadHtmlCacheBehavior [ RunTime:0.002000s ]
INFO: [ app_begin ] --END-- [ RunTime:0.004500s ]
SQL: SHOW COLUMNS FROM `momo_config_netset` [ RunTime:0.0030s ]
SQL: SELECT * FROM `momo_config_netset` WHERE `id` = 1  [ RunTime:0.0010s ]

[ 2015-05-04T17:43:38+08:00 ] 127.0.0.1 /momo/Home/ConfigDbset/editInfo.html
INFO: [ app_init ] --START--
INFO: Run Behavior\BuildLiteBehavior [ RunTime:0.000500s ]
INFO: [ app_init ] --END-- [ RunTime:0.004001s ]
INFO: [ app_begin ] --START--
INFO: Run Behavior\ReadHtmlCacheBehavior [ RunTime:0.001500s ]
INFO: [ app_begin ] --END-- [ RunTime:0.003000s ]
SQL: SHOW COLUMNS FROM `momo_config_dbset` [ RunTime:0.0040s ]
SQL: UPDATE `momo_config_dbset` SET `db_type`='mysql',`db_host`='localhost',`db_name`='momo',`db_user`='root',`db_pwd`='123456',`db_port`='3306',`db_prefix`='momo_',`db_charset`='utf8' WHERE `id` = 1 [ RunTime:0.0535s ]

[ 2015-05-04T17:43:51+08:00 ] 127.0.0.1 /momo/Home/Grade/getInfo.html?_dc=1430732631103&page=1&start=0&limit=15
INFO: [ app_init ] --START--
INFO: Run Behavior\BuildLiteBehavior [ RunTime:0.000500s ]
INFO: [ app_init ] --END-- [ RunTime:0.006501s ]
INFO: [ app_begin ] --START--
INFO: Run Behavior\ReadHtmlCacheBehavior [ RunTime:0.002000s ]
INFO: [ app_begin ] --END-- [ RunTime:0.005000s ]
SQL: SHOW COLUMNS FROM `momo_grade` [ RunTime:0.0025s ]
SQL: SELECT COUNT(*) AS tp_count FROM `momo_grade` WHERE ( id>=1 ) LIMIT 1   [ RunTime:0.0010s ]
SQL: SELECT * FROM `momo_grade` LIMIT 0,15   [ RunTime:0.0010s ]

[ 2015-05-04T17:43:51+08:00 ] 127.0.0.1 /momo/Home/Grade/addInfo.html?_dc=1430732631092
INFO: [ app_init ] --START--
INFO: Run Behavior\BuildLiteBehavior [ RunTime:0.001000s ]
INFO: [ app_init ] --END-- [ RunTime:0.008002s ]
INFO: [ app_begin ] --START--
INFO: Run Behavior\ReadHtmlCacheBehavior [ RunTime:0.003001s ]
INFO: [ app_begin ] --END-- [ RunTime:0.008001s ]
SQL: SHOW COLUMNS FROM `momo_grade` [ RunTime:0.0020s ]
SQL: INSERT INTO `momo_grade` (`name`,`grade`,`country`,`spouse`,`faction`,`ranking`) VALUES ('1','1','1','1','1','1') [ RunTime:0.0830s ]

[ 2015-05-04T17:43:56+08:00 ] 127.0.0.1 /momo/Home/Grade/getInfo.html?_dc=1430732636681&page=1&start=0&limit=15
INFO: [ app_init ] --START--
INFO: Run Behavior\BuildLiteBehavior [ RunTime:0.000500s ]
INFO: [ app_init ] --END-- [ RunTime:0.006001s ]
INFO: [ app_begin ] --START--
INFO: Run Behavior\ReadHtmlCacheBehavior [ RunTime:0.001500s ]
INFO: [ app_begin ] --END-- [ RunTime:0.004000s ]
SQL: SHOW COLUMNS FROM `momo_grade` [ RunTime:0.0020s ]
SQL: SELECT COUNT(*) AS tp_count FROM `momo_grade` WHERE ( id>=1 ) LIMIT 1   [ RunTime:0.0010s ]
SQL: SELECT * FROM `momo_grade` LIMIT 0,15   [ RunTime:0.0005s ]

[ 2015-05-04T17:44:00+08:00 ] 127.0.0.1 /momo/Home/Grade/delInfo.html?_dc=1430732640556
INFO: [ app_init ] --START--
INFO: Run Behavior\BuildLiteBehavior [ RunTime:0.001000s ]
INFO: [ app_init ] --END-- [ RunTime:0.007000s ]
INFO: [ app_begin ] --START--
INFO: Run Behavior\ReadHtmlCacheBehavior [ RunTime:0.001500s ]
INFO: [ app_begin ] --END-- [ RunTime:0.005000s ]
SQL: SHOW COLUMNS FROM `momo_grade` [ RunTime:0.0025s ]
SQL: DELETE FROM `momo_grade` WHERE `id` IN ('0','13','4') [ RunTime:0.1205s ]

[ 2015-05-04T17:44:00+08:00 ] 127.0.0.1 /momo/Home/Grade/getInfo.html?_dc=1430732640566&page=1&start=0&limit=15
INFO: [ app_init ] --START--
INFO: Run Behavior\BuildLiteBehavior [ RunTime:0.001000s ]
INFO: [ app_init ] --END-- [ RunTime:0.007001s ]
INFO: [ app_begin ] --START--
INFO: Run Behavior\ReadHtmlCacheBehavior [ RunTime:0.002500s ]
INFO: [ app_begin ] --END-- [ RunTime:0.004500s ]
SQL: SHOW COLUMNS FROM `momo_grade` [ RunTime:0.0025s ]
SQL: SELECT COUNT(*) AS tp_count FROM `momo_grade` WHERE ( id>=1 ) LIMIT 1   [ RunTime:0.0015s ]
SQL: SELECT * FROM `momo_grade` LIMIT 0,15   [ RunTime:0.0010s ]

[ 2015-05-04T17:44:02+08:00 ] 127.0.0.1 /momo/Home/Grade/getInfo.html?_dc=1430732642355&page=1&start=0&limit=15
INFO: [ app_init ] --START--
INFO: Run Behavior\BuildLiteBehavior [ RunTime:0.001000s ]
INFO: [ app_init ] --END-- [ RunTime:0.004501s ]
INFO: [ app_begin ] --START--
INFO: Run Behavior\ReadHtmlCacheBehavior [ RunTime:0.003000s ]
INFO: [ app_begin ] --END-- [ RunTime:0.006501s ]
SQL: SHOW COLUMNS FROM `momo_grade` [ RunTime:0.0025s ]
SQL: SELECT COUNT(*) AS tp_count FROM `momo_grade` WHERE ( id>=1 ) LIMIT 1   [ RunTime:0.0010s ]
SQL: SELECT * FROM `momo_grade` LIMIT 0,15   [ RunTime:0.0010s ]

[ 2015-05-04T17:44:03+08:00 ] 127.0.0.1 /momo/Home/Grade/getInfo.html?_dc=1430732643499&page=1&start=0&limit=15
INFO: [ app_init ] --START--
INFO: Run Behavior\BuildLiteBehavior [ RunTime:0.000500s ]
INFO: [ app_init ] --END-- [ RunTime:0.004000s ]
INFO: [ app_begin ] --START--
INFO: Run Behavior\ReadHtmlCacheBehavior [ RunTime:0.001500s ]
INFO: [ app_begin ] --END-- [ RunTime:0.004000s ]
SQL: SHOW COLUMNS FROM `momo_grade` [ RunTime:0.0025s ]
SQL: SELECT COUNT(*) AS tp_count FROM `momo_grade` WHERE ( id>=1 ) LIMIT 1   [ RunTime:0.0010s ]
SQL: SELECT * FROM `momo_grade` LIMIT 0,15   [ RunTime:0.0010s ]

[ 2015-05-04T17:44:04+08:00 ] 127.0.0.1 /momo/Home/Grade/getInfo.html?_dc=1430732644313&page=1&start=0&limit=15
INFO: [ app_init ] --START--
INFO: Run Behavior\BuildLiteBehavior [ RunTime:0.000500s ]
INFO: [ app_init ] --END-- [ RunTime:0.003500s ]
INFO: [ app_begin ] --START--
INFO: Run Behavior\ReadHtmlCacheBehavior [ RunTime:0.001500s ]
INFO: [ app_begin ] --END-- [ RunTime:0.003500s ]
SQL: SHOW COLUMNS FROM `momo_grade` [ RunTime:0.0030s ]
SQL: SELECT COUNT(*) AS tp_count FROM `momo_grade` WHERE ( id>=1 ) LIMIT 1   [ RunTime:0.0010s ]
SQL: SELECT * FROM `momo_grade` LIMIT 0,15   [ RunTime:0.0010s ]

[ 2015-05-04T17:44:23+08:00 ] 127.0.0.1 /momo/Home/Index/main.html
INFO: [ app_init ] --START--
INFO: Run Behavior\BuildLiteBehavior [ RunTime:0.001000s ]
INFO: [ app_init ] --END-- [ RunTime:0.004501s ]
INFO: [ app_begin ] --START--
INFO: Run Behavior\ReadHtmlCacheBehavior [ RunTime:0.001500s ]
INFO: [ app_begin ] --END-- [ RunTime:0.004000s ]
SQL: SHOW COLUMNS FROM `momo_member` [ RunTime:0.0020s ]
SQL: SELECT `login` FROM `momo_member` WHERE `uid` = 1 LIMIT 1   [ RunTime:0.0005s ]
SQL: SELECT `last_login_time` FROM `momo_member` WHERE `uid` = 1 LIMIT 1   [ RunTime:0.0005s ]
INFO: [ view_parse ] --START--
INFO: [ template_filter ] --START--
INFO: Run Behavior\ContentReplaceBehavior [ RunTime:0.001500s ]
INFO: [ template_filter ] --END-- [ RunTime:0.003500s ]
INFO: Run Behavior\ParseTemplateBehavior [ RunTime:0.034004s ]
INFO: [ view_parse ] --END-- [ RunTime:0.036505s ]
INFO: [ view_filter ] --START--
INFO: Run Behavior\WriteHtmlCacheBehavior [ RunTime:0.001500s ]
INFO: [ view_filter ] --END-- [ RunTime:0.004001s ]
INFO: [ app_end ] --START--
INFO: Run Behavior\ShowPageTraceBehavior [ RunTime:0.001500s ]
INFO: [ app_end ] --END-- [ RunTime:0.004001s ]

[ 2015-05-04T17:48:25+08:00 ] 127.0.0.1 /momo/Home/User/getInfo.html?_dc=1430732905239&page=1&start=0&limit=15
INFO: [ app_init ] --START--
INFO: Run Behavior\BuildLiteBehavior [ RunTime:0.000500s ]
INFO: [ app_init ] --END-- [ RunTime:0.004000s ]
INFO: [ app_begin ] --START--
INFO: Run Behavior\ReadHtmlCacheBehavior [ RunTime:0.002500s ]
INFO: [ app_begin ] --END-- [ RunTime:0.005500s ]
SQL: SHOW COLUMNS FROM `momo_user` [ RunTime:0.0025s ]
SQL: SELECT COUNT(*) AS tp_count FROM `momo_user` WHERE ( id>=1 ) LIMIT 1   [ RunTime:0.0010s ]
SQL: SELECT * FROM `momo_user` LIMIT 0,15   [ RunTime:0.0005s ]

