[ 2017-08-09T18:41:13+08:00 ] ::1 /momo/
INFO: [ app_init ] --START--
INFO: Run Behavior\BuildLiteBehavior [ RunTime:0.000000s ]
INFO: [ app_init ] --END-- [ RunTime:0.006000s ]
INFO: [ app_begin ] --START--
INFO: Run Behavior\ReadHtmlCacheBehavior [ RunTime:0.001000s ]
INFO: [ app_begin ] --END-- [ RunTime:0.001000s ]

[ 2017-08-09T18:41:14+08:00 ] ::1 /momo/Home/Public/login.html
INFO: [ app_init ] --START--
INFO: Run Behavior\BuildLiteBehavior [ RunTime:0.000000s ]
INFO: [ app_init ] --END-- [ RunTime:0.002000s ]
INFO: [ app_begin ] --START--
INFO: Run Behavior\ReadHtmlCacheBehavior [ RunTime:0.001000s ]
INFO: [ app_begin ] --END-- [ RunTime:0.002000s ]
INFO: [ view_parse ] --START--
INFO: [ template_filter ] --START--
INFO: Run Behavior\ContentReplaceBehavior [ RunTime:0.000000s ]
INFO: [ template_filter ] --END-- [ RunTime:0.001000s ]
INFO: Run Behavior\ParseTemplateBehavior [ RunTime:0.048002s ]
INFO: [ view_parse ] --END-- [ RunTime:0.049003s ]
INFO: [ view_filter ] --START--
INFO: Run Behavior\WriteHtmlCacheBehavior [ RunTime:0.001000s ]
INFO: [ view_filter ] --END-- [ RunTime:0.001000s ]
INFO: [ app_end ] --START--
INFO: Run Behavior\ShowPageTraceBehavior [ RunTime:0.001000s ]
INFO: [ app_end ] --END-- [ RunTime:0.002000s ]

[ 2017-08-09T18:41:15+08:00 ] ::1 /momo/Home/Public/verify.html?id=0.38859822602982597
INFO: [ app_init ] --START--
INFO: Run Behavior\BuildLiteBehavior [ RunTime:0.000000s ]
INFO: [ app_init ] --END-- [ RunTime:0.001000s ]
INFO: [ app_begin ] --START--
INFO: Run Behavior\ReadHtmlCacheBehavior [ RunTime:0.001000s ]
INFO: [ app_begin ] --END-- [ RunTime:0.001000s ]
INFO: [ app_end ] --START--
INFO: Run Behavior\ShowPageTraceBehavior [ RunTime:0.001000s ]
INFO: [ app_end ] --END-- [ RunTime:0.001000s ]

[ 2017-08-09T18:42:12+08:00 ] ::1 /momo/Home/Public/login.html
INFO: [ app_init ] --START--
INFO: Run Behavior\BuildLiteBehavior [ RunTime:0.000000s ]
INFO: [ app_init ] --END-- [ RunTime:0.001000s ]
INFO: [ app_begin ] --START--
INFO: Run Behavior\ReadHtmlCacheBehavior [ RunTime:0.001000s ]
INFO: [ app_begin ] --END-- [ RunTime:0.001000s ]
ERR: SQLSTATE[HY000] [1045] Access denied for user 'root'@'localhost' (using password: YES)

[ 2017-08-09T18:42:49+08:00 ] ::1 /momo/Home/Public/login.html
INFO: [ app_init ] --START--
INFO: Run Behavior\BuildLiteBehavior [ RunTime:0.000000s ]
INFO: [ app_init ] --END-- [ RunTime:0.002000s ]
INFO: [ app_begin ] --START--
INFO: Run Behavior\ReadHtmlCacheBehavior [ RunTime:0.001000s ]
INFO: [ app_begin ] --END-- [ RunTime:0.002000s ]

[ 2017-08-09T18:42:50+08:00 ] ::1 /momo/Home/Public/verify.html?id=0.687269850568833
INFO: [ app_init ] --START--
INFO: Run Behavior\BuildLiteBehavior [ RunTime:0.000000s ]
INFO: [ app_init ] --END-- [ RunTime:0.001000s ]
INFO: [ app_begin ] --START--
INFO: Run Behavior\ReadHtmlCacheBehavior [ RunTime:0.001000s ]
INFO: [ app_begin ] --END-- [ RunTime:0.001000s ]
INFO: [ app_end ] --START--
INFO: Run Behavior\ShowPageTraceBehavior [ RunTime:0.001000s ]
INFO: [ app_end ] --END-- [ RunTime:0.001000s ]

[ 2017-08-09T18:43:06+08:00 ] ::1 /momo/Home/Public/login.html
INFO: [ app_init ] --START--
INFO: Run Behavior\BuildLiteBehavior [ RunTime:0.000000s ]
INFO: [ app_init ] --END-- [ RunTime:0.001000s ]
INFO: [ app_begin ] --START--
INFO: Run Behavior\ReadHtmlCacheBehavior [ RunTime:0.001000s ]
INFO: [ app_begin ] --END-- [ RunTime:0.002000s ]
ERR: SQLSTATE[HY000] [1045] Access denied for user 'root'@'localhost' (using password: YES)

[ 2017-08-09T18:44:57+08:00 ] ::1 /momo/Home/Public/login.html
INFO: [ app_init ] --START--
INFO: Run Behavior\BuildLiteBehavior [ RunTime:0.001000s ]
INFO: [ app_init ] --END-- [ RunTime:0.001000s ]
INFO: [ app_begin ] --START--
INFO: Run Behavior\ReadHtmlCacheBehavior [ RunTime:0.001000s ]
INFO: [ app_begin ] --END-- [ RunTime:0.001000s ]

[ 2017-08-09T18:44:58+08:00 ] ::1 /momo/Home/Public/verify.html?id=0.510428122742969
INFO: [ app_init ] --START--
INFO: Run Behavior\BuildLiteBehavior [ RunTime:0.000000s ]
INFO: [ app_init ] --END-- [ RunTime:0.001000s ]
INFO: [ app_begin ] --START--
INFO: Run Behavior\ReadHtmlCacheBehavior [ RunTime:0.000000s ]
INFO: [ app_begin ] --END-- [ RunTime:0.000000s ]
INFO: [ app_end ] --START--
INFO: Run Behavior\ShowPageTraceBehavior [ RunTime:0.001000s ]
INFO: [ app_end ] --END-- [ RunTime:0.001000s ]

[ 2017-08-09T18:46:09+08:00 ] ::1 /momo/Home/Public/login.html
INFO: [ app_init ] --START--
INFO: Run Behavior\BuildLiteBehavior [ RunTime:0.000000s ]
INFO: [ app_init ] --END-- [ RunTime:0.000000s ]
INFO: [ app_begin ] --START--
INFO: Run Behavior\ReadHtmlCacheBehavior [ RunTime:0.001000s ]
INFO: [ app_begin ] --END-- [ RunTime:0.001000s ]
ERR: SQLSTATE[HY000] [1045] Access denied for user 'root'@'localhost' (using password: YES)

[ 2017-08-09T18:46:13+08:00 ] ::1 /momo/Home/Public/verify.html?id=0.3268749108763751
INFO: [ app_init ] --START--
INFO: Run Behavior\BuildLiteBehavior [ RunTime:0.000000s ]
INFO: [ app_init ] --END-- [ RunTime:0.001000s ]
INFO: [ app_begin ] --START--
INFO: Run Behavior\ReadHtmlCacheBehavior [ RunTime:0.000000s ]
INFO: [ app_begin ] --END-- [ RunTime:0.000000s ]
INFO: [ app_end ] --START--
INFO: Run Behavior\ShowPageTraceBehavior [ RunTime:0.000000s ]
INFO: [ app_end ] --END-- [ RunTime:0.001000s ]

[ 2017-08-09T18:46:36+08:00 ] ::1 /momo/Home/Public/login.html
INFO: [ app_init ] --START--
INFO: Run Behavior\BuildLiteBehavior [ RunTime:0.000000s ]
INFO: [ app_init ] --END-- [ RunTime:0.000000s ]
INFO: [ app_begin ] --START--
INFO: Run Behavior\ReadHtmlCacheBehavior [ RunTime:0.000000s ]
INFO: [ app_begin ] --END-- [ RunTime:0.001000s ]

[ 2017-08-09T18:46:37+08:00 ] ::1 /momo/Home/Public/verify.html?id=0.8224973643322764
INFO: [ app_init ] --START--
INFO: Run Behavior\BuildLiteBehavior [ RunTime:0.000000s ]
INFO: [ app_init ] --END-- [ RunTime:0.000000s ]
INFO: [ app_begin ] --START--
INFO: Run Behavior\ReadHtmlCacheBehavior [ RunTime:0.001000s ]
INFO: [ app_begin ] --END-- [ RunTime:0.001000s ]
INFO: [ app_end ] --START--
INFO: Run Behavior\ShowPageTraceBehavior [ RunTime:0.001000s ]
INFO: [ app_end ] --END-- [ RunTime:0.001000s ]

[ 2017-08-09T18:46:47+08:00 ] ::1 /momo/Home/Public/verify.html?id=0.16900727949864702
INFO: [ app_init ] --START--
INFO: Run Behavior\BuildLiteBehavior [ RunTime:0.000000s ]
INFO: [ app_init ] --END-- [ RunTime:0.000000s ]
INFO: [ app_begin ] --START--
INFO: Run Behavior\ReadHtmlCacheBehavior [ RunTime:0.000000s ]
INFO: [ app_begin ] --END-- [ RunTime:0.001000s ]
INFO: [ app_end ] --START--
INFO: Run Behavior\ShowPageTraceBehavior [ RunTime:0.000000s ]
INFO: [ app_end ] --END-- [ RunTime:0.001000s ]

[ 2017-08-09T18:46:54+08:00 ] ::1 /momo/Home/Public/login.html
INFO: [ app_init ] --START--
INFO: Run Behavior\BuildLiteBehavior [ RunTime:0.000000s ]
INFO: [ app_init ] --END-- [ RunTime:0.001001s ]
INFO: [ app_begin ] --START--
INFO: Run Behavior\ReadHtmlCacheBehavior [ RunTime:0.001000s ]
INFO: [ app_begin ] --END-- [ RunTime:0.001000s ]

[ 2017-08-09T18:46:55+08:00 ] ::1 /momo/Home/Public/verify.html?id=0.7786481753849144
INFO: [ app_init ] --START--
INFO: Run Behavior\BuildLiteBehavior [ RunTime:0.001000s ]
INFO: [ app_init ] --END-- [ RunTime:0.001000s ]
INFO: [ app_begin ] --START--
INFO: Run Behavior\ReadHtmlCacheBehavior [ RunTime:0.001000s ]
INFO: [ app_begin ] --END-- [ RunTime:0.001000s ]
INFO: [ app_end ] --START--
INFO: Run Behavior\ShowPageTraceBehavior [ RunTime:0.000000s ]
INFO: [ app_end ] --END-- [ RunTime:0.000000s ]

[ 2017-08-09T18:47:25+08:00 ] ::1 /momo/Home/Public/login.html
INFO: [ app_init ] --START--
INFO: Run Behavior\BuildLiteBehavior [ RunTime:0.000000s ]
INFO: [ app_init ] --END-- [ RunTime:0.001000s ]
INFO: [ app_begin ] --START--
INFO: Run Behavior\ReadHtmlCacheBehavior [ RunTime:0.001000s ]
INFO: [ app_begin ] --END-- [ RunTime:0.001000s ]

[ 2017-08-09T18:47:26+08:00 ] ::1 /momo/Home/Public/verify.html?id=0.9220572950036285
INFO: [ app_init ] --START--
INFO: Run Behavior\BuildLiteBehavior [ RunTime:0.000000s ]
INFO: [ app_init ] --END-- [ RunTime:0.000000s ]
INFO: [ app_begin ] --START--
INFO: Run Behavior\ReadHtmlCacheBehavior [ RunTime:0.000000s ]
INFO: [ app_begin ] --END-- [ RunTime:0.001000s ]
INFO: [ app_end ] --START--
INFO: Run Behavior\ShowPageTraceBehavior [ RunTime:0.001001s ]
INFO: [ app_end ] --END-- [ RunTime:0.001001s ]

[ 2017-08-09T18:50:29+08:00 ] ::1 /momo/Home/Public/login.html
INFO: [ app_init ] --START--
INFO: Run Behavior\BuildLiteBehavior [ RunTime:0.000000s ]
INFO: [ app_init ] --END-- [ RunTime:0.001000s ]
INFO: [ app_begin ] --START--
INFO: Run Behavior\ReadHtmlCacheBehavior [ RunTime:0.002000s ]
INFO: [ app_begin ] --END-- [ RunTime:0.002000s ]

[ 2017-08-09T18:50:31+08:00 ] ::1 /momo/Home/Public/verify.html?id=0.4104097205627455
INFO: [ app_init ] --START--
INFO: Run Behavior\BuildLiteBehavior [ RunTime:0.000000s ]
INFO: [ app_init ] --END-- [ RunTime:0.001000s ]
INFO: [ app_begin ] --START--
INFO: Run Behavior\ReadHtmlCacheBehavior [ RunTime:0.002000s ]
INFO: [ app_begin ] --END-- [ RunTime:0.003001s ]
INFO: [ app_end ] --START--
INFO: Run Behavior\ShowPageTraceBehavior [ RunTime:0.001000s ]
INFO: [ app_end ] --END-- [ RunTime:0.002000s ]

[ 2017-08-09T18:50:43+08:00 ] ::1 /momo/Home/Public/login.html
INFO: [ app_init ] --START--
INFO: Run Behavior\BuildLiteBehavior [ RunTime:0.000000s ]
INFO: [ app_init ] --END-- [ RunTime:0.001000s ]
INFO: [ app_begin ] --START--
INFO: Run Behavior\ReadHtmlCacheBehavior [ RunTime:0.001000s ]
INFO: [ app_begin ] --END-- [ RunTime:0.001000s ]

[ 2017-08-09T18:50:45+08:00 ] ::1 /momo/Home/Public/verify.html?id=0.8978304165148778
INFO: [ app_init ] --START--
INFO: Run Behavior\BuildLiteBehavior [ RunTime:0.001000s ]
INFO: [ app_init ] --END-- [ RunTime:0.002000s ]
INFO: [ app_begin ] --START--
INFO: Run Behavior\ReadHtmlCacheBehavior [ RunTime:0.002000s ]
INFO: [ app_begin ] --END-- [ RunTime:0.002000s ]
INFO: [ app_end ] --START--
INFO: Run Behavior\ShowPageTraceBehavior [ RunTime:0.001000s ]
INFO: [ app_end ] --END-- [ RunTime:0.001000s ]

[ 2017-08-09T18:50:55+08:00 ] ::1 /momo/Home/Public/login.html
INFO: [ app_init ] --START--
INFO: Run Behavior\BuildLiteBehavior [ RunTime:0.001000s ]
INFO: [ app_init ] --END-- [ RunTime:0.002000s ]
INFO: [ app_begin ] --START--
INFO: Run Behavior\ReadHtmlCacheBehavior [ RunTime:0.000000s ]
INFO: [ app_begin ] --END-- [ RunTime:0.000000s ]
ERR: SQLSTATE[HY000] [1045] Access denied for user 'root'@'localhost' (using password: YES)

[ 2017-08-09T18:51:07+08:00 ] ::1 /momo/Home/Public/verify.html?id=0.814394879764406
INFO: [ app_init ] --START--
INFO: Run Behavior\BuildLiteBehavior [ RunTime:0.000000s ]
INFO: [ app_init ] --END-- [ RunTime:0.001000s ]
INFO: [ app_begin ] --START--
INFO: Run Behavior\ReadHtmlCacheBehavior [ RunTime:0.000000s ]
INFO: [ app_begin ] --END-- [ RunTime:0.001001s ]
INFO: [ app_end ] --START--
INFO: Run Behavior\ShowPageTraceBehavior [ RunTime:0.000000s ]
INFO: [ app_end ] --END-- [ RunTime:0.000000s ]

[ 2017-08-09T18:53:25+08:00 ] ::1 /momo/Home/Public/login.html
INFO: [ app_init ] --START--
INFO: Run Behavior\BuildLiteBehavior [ RunTime:0.000000s ]
INFO: [ app_init ] --END-- [ RunTime:0.001000s ]
INFO: [ app_begin ] --START--
INFO: Run Behavior\ReadHtmlCacheBehavior [ RunTime:0.000000s ]
INFO: [ app_begin ] --END-- [ RunTime:0.001000s ]
ERR: SQLSTATE[HY000] [1045] Access denied for user 'root'@'localhost' (using password: YES)

[ 2017-08-09T18:53:25+08:00 ] ::1 /momo/Home/Public/verify.html?id=0.15827742582624849
INFO: [ app_init ] --START--
INFO: Run Behavior\BuildLiteBehavior [ RunTime:0.000000s ]
INFO: [ app_init ] --END-- [ RunTime:0.000000s ]
INFO: [ app_begin ] --START--
INFO: Run Behavior\ReadHtmlCacheBehavior [ RunTime:0.001000s ]
INFO: [ app_begin ] --END-- [ RunTime:0.001000s ]
INFO: [ app_end ] --START--
INFO: Run Behavior\ShowPageTraceBehavior [ RunTime:0.001000s ]
INFO: [ app_end ] --END-- [ RunTime:0.001000s ]

[ 2017-08-09T18:53:28+08:00 ] ::1 /momo/Home/Public/verify.html?id=0.14839407977950736
INFO: [ app_init ] --START--
INFO: Run Behavior\BuildLiteBehavior [ RunTime:0.000000s ]
INFO: [ app_init ] --END-- [ RunTime:0.001000s ]
INFO: [ app_begin ] --START--
INFO: Run Behavior\ReadHtmlCacheBehavior [ RunTime:0.001000s ]
INFO: [ app_begin ] --END-- [ RunTime:0.001000s ]
INFO: [ app_end ] --START--
INFO: Run Behavior\ShowPageTraceBehavior [ RunTime:0.000000s ]
INFO: [ app_end ] --END-- [ RunTime:0.000000s ]

[ 2017-08-09T18:53:28+08:00 ] ::1 /momo/Home/Public/verify.html?id=0.7073906369663236
INFO: [ app_init ] --START--
INFO: Run Behavior\BuildLiteBehavior [ RunTime:0.000000s ]
INFO: [ app_init ] --END-- [ RunTime:0.001000s ]
INFO: [ app_begin ] --START--
INFO: Run Behavior\ReadHtmlCacheBehavior [ RunTime:0.000000s ]
INFO: [ app_begin ] --END-- [ RunTime:0.000000s ]
INFO: [ app_end ] --START--
INFO: Run Behavior\ShowPageTraceBehavior [ RunTime:0.000000s ]
INFO: [ app_end ] --END-- [ RunTime:0.000000s ]

[ 2017-08-09T18:55:09+08:00 ] ::1 /momo/Home/Public/login.html
INFO: [ app_init ] --START--
INFO: Run Behavior\BuildLiteBehavior [ RunTime:0.001000s ]
INFO: [ app_init ] --END-- [ RunTime:0.001000s ]
INFO: [ app_begin ] --START--
INFO: Run Behavior\ReadHtmlCacheBehavior [ RunTime:0.000000s ]
INFO: [ app_begin ] --END-- [ RunTime:0.001000s ]
NOTIC: [8] Undefined variable: config xdebug://debug-eval 第 1 行.
ERR: SQLSTATE[HY000] [1045] Access denied for user 'root'@'localhost' (using password: YES)

[ 2017-08-09T18:55:15+08:00 ] ::1 /momo/Home/Public/verify.html?id=0.9913338973326757
INFO: [ app_init ] --START--
INFO: Run Behavior\BuildLiteBehavior [ RunTime:0.000000s ]
INFO: [ app_init ] --END-- [ RunTime:0.000000s ]
INFO: [ app_begin ] --START--
INFO: Run Behavior\ReadHtmlCacheBehavior [ RunTime:0.000000s ]
INFO: [ app_begin ] --END-- [ RunTime:0.000000s ]
INFO: [ app_end ] --START--
INFO: Run Behavior\ShowPageTraceBehavior [ RunTime:0.000000s ]
INFO: [ app_end ] --END-- [ RunTime:0.001000s ]

[ 2017-08-09T18:56:23+08:00 ] ::1 /momo/Home/Public/login.html
INFO: [ app_init ] --START--
INFO: Run Behavior\BuildLiteBehavior [ RunTime:0.000000s ]
INFO: [ app_init ] --END-- [ RunTime:0.001000s ]
INFO: [ app_begin ] --START--
INFO: Run Behavior\ReadHtmlCacheBehavior [ RunTime:0.001000s ]
INFO: [ app_begin ] --END-- [ RunTime:0.001000s ]
NOTIC: [8] Undefined variable: config xdebug://debug-eval 第 1 行.
NOTIC: [8] Undefined variable: config xdebug://debug-eval 第 1 行.
NOTIC: [8] Undefined variable: config xdebug://debug-eval 第 1 行.
NOTIC: [8] Undefined variable: config xdebug://debug-eval 第 1 行.
NOTIC: [8] Undefined variable: config xdebug://debug-eval 第 1 行.
NOTIC: [8] Undefined variable: config xdebug://debug-eval 第 1 行.
NOTIC: [8] Undefined variable: config xdebug://debug-eval 第 1 行.
NOTIC: [8] Undefined variable: config xdebug://debug-eval 第 1 行.
NOTIC: [8] Undefined variable: config xdebug://debug-eval 第 1 行.
NOTIC: [8] Undefined variable: config xdebug://debug-eval 第 1 行.
NOTIC: [8] Undefined variable: config xdebug://debug-eval 第 1 行.
ERR: SQLSTATE[HY000] [1045] Access denied for user 'root'@'localhost' (using password: YES)

[ 2017-08-09T18:56:27+08:00 ] ::1 /momo/Home/Public/verify.html?id=0.4479811086022649
INFO: [ app_init ] --START--
INFO: Run Behavior\BuildLiteBehavior [ RunTime:0.000000s ]
INFO: [ app_init ] --END-- [ RunTime:0.000000s ]
INFO: [ app_begin ] --START--
INFO: Run Behavior\ReadHtmlCacheBehavior [ RunTime:0.001000s ]
INFO: [ app_begin ] --END-- [ RunTime:0.001000s ]
INFO: [ app_end ] --START--
INFO: Run Behavior\ShowPageTraceBehavior [ RunTime:0.001000s ]
INFO: [ app_end ] --END-- [ RunTime:0.001000s ]

[ 2017-08-09T18:56:34+08:00 ] ::1 /momo/Home/Public/login.html
INFO: [ app_init ] --START--
INFO: Run Behavior\BuildLiteBehavior [ RunTime:0.000000s ]
INFO: [ app_init ] --END-- [ RunTime:0.000000s ]
INFO: [ app_begin ] --START--
INFO: Run Behavior\ReadHtmlCacheBehavior [ RunTime:0.000000s ]
INFO: [ app_begin ] --END-- [ RunTime:0.001000s ]
NOTIC: [8] Undefined variable: config xdebug://debug-eval 第 1 行.

[ 2017-08-09T18:56:41+08:00 ] ::1 /momo/Home/Public/verify.html?id=0.38023319521698773
INFO: [ app_init ] --START--
INFO: Run Behavior\BuildLiteBehavior [ RunTime:0.000000s ]
INFO: [ app_init ] --END-- [ RunTime:0.001000s ]
INFO: [ app_begin ] --START--
INFO: Run Behavior\ReadHtmlCacheBehavior [ RunTime:0.000000s ]
INFO: [ app_begin ] --END-- [ RunTime:0.000000s ]
INFO: [ app_end ] --START--
INFO: Run Behavior\ShowPageTraceBehavior [ RunTime:0.001000s ]
INFO: [ app_end ] --END-- [ RunTime:0.001000s ]

[ 2017-08-09T19:00:12+08:00 ] ::1 /momo/Home/Public/login.html
INFO: [ app_init ] --START--
INFO: Run Behavior\BuildLiteBehavior [ RunTime:0.000000s ]
INFO: [ app_init ] --END-- [ RunTime:0.001000s ]
INFO: [ app_begin ] --START--
INFO: Run Behavior\ReadHtmlCacheBehavior [ RunTime:0.001000s ]
INFO: [ app_begin ] --END-- [ RunTime:0.001000s ]
NOTIC: [8] Undefined variable: config xdebug://debug-eval 第 1 行.
NOTIC: [8] Undefined variable: config xdebug://debug-eval 第 1 行.
NOTIC: [8] Undefined variable: config xdebug://debug-eval 第 1 行.
ERR: SQLSTATE[HY000] [1045] Access denied for user 'root'@'localhost' (using password: YES)

[ 2017-08-09T19:00:15+08:00 ] ::1 /momo/Home/Public/verify.html?id=0.8506705883691534
INFO: [ app_init ] --START--
INFO: Run Behavior\BuildLiteBehavior [ RunTime:0.000000s ]
INFO: [ app_init ] --END-- [ RunTime:0.001000s ]
INFO: [ app_begin ] --START--
INFO: Run Behavior\ReadHtmlCacheBehavior [ RunTime:0.001000s ]
INFO: [ app_begin ] --END-- [ RunTime:0.001000s ]
INFO: [ app_end ] --START--
INFO: Run Behavior\ShowPageTraceBehavior [ RunTime:0.001000s ]
INFO: [ app_end ] --END-- [ RunTime:0.001000s ]

[ 2017-08-09T19:00:18+08:00 ] ::1 /momo/Home/Public/verify.html?id=0.30200290557047915
INFO: [ app_init ] --START--
INFO: Run Behavior\BuildLiteBehavior [ RunTime:0.000000s ]
INFO: [ app_init ] --END-- [ RunTime:0.001000s ]
INFO: [ app_begin ] --START--
INFO: Run Behavior\ReadHtmlCacheBehavior [ RunTime:0.001000s ]
INFO: [ app_begin ] --END-- [ RunTime:0.001000s ]
INFO: [ app_end ] --START--
INFO: Run Behavior\ShowPageTraceBehavior [ RunTime:0.001000s ]
INFO: [ app_end ] --END-- [ RunTime:0.001000s ]

[ 2017-08-09T19:03:15+08:00 ] ::1 /momo/Home/Public/login.html
INFO: [ app_init ] --START--
INFO: Run Behavior\BuildLiteBehavior [ RunTime:0.001000s ]
INFO: [ app_init ] --END-- [ RunTime:0.001000s ]
INFO: [ app_begin ] --START--
INFO: Run Behavior\ReadHtmlCacheBehavior [ RunTime:0.001000s ]
INFO: [ app_begin ] --END-- [ RunTime:0.001000s ]
NOTIC: [8] Undefined variable: config xdebug://debug-eval 第 1 行.
NOTIC: [8] Undefined variable: config xdebug://debug-eval 第 1 行.
NOTIC: [8] Undefined variable: config xdebug://debug-eval 第 1 行.
NOTIC: [8] Undefined variable: config xdebug://debug-eval 第 1 行.
NOTIC: [8] Undefined variable: config xdebug://debug-eval 第 1 行.
NOTIC: [8] Undefined variable: config xdebug://debug-eval 第 1 行.
ERR: SQLSTATE[HY000] [1045] Access denied for user 'root'@'localhost' (using password: YES)

[ 2017-08-09T19:07:03+08:00 ] ::1 /momo/Home/Public/verify.html?id=0.3168518466775414
INFO: [ app_init ] --START--
INFO: Run Behavior\BuildLiteBehavior [ RunTime:0.000000s ]
INFO: [ app_init ] --END-- [ RunTime:0.001000s ]
INFO: [ app_begin ] --START--
INFO: Run Behavior\ReadHtmlCacheBehavior [ RunTime:0.001000s ]
INFO: [ app_begin ] --END-- [ RunTime:0.001000s ]
INFO: [ app_end ] --START--
INFO: Run Behavior\ShowPageTraceBehavior [ RunTime:0.001000s ]
INFO: [ app_end ] --END-- [ RunTime:0.001000s ]

[ 2017-08-09T19:07:35+08:00 ] ::1 /momo/Home/Public/verify.html?id=0.3894736051953578
INFO: [ app_init ] --START--
INFO: Run Behavior\BuildLiteBehavior [ RunTime:0.000000s ]
INFO: [ app_init ] --END-- [ RunTime:0.000000s ]
INFO: [ app_begin ] --START--
INFO: Run Behavior\ReadHtmlCacheBehavior [ RunTime:0.000000s ]
INFO: [ app_begin ] --END-- [ RunTime:0.000000s ]
INFO: [ app_end ] --START--
INFO: Run Behavior\ShowPageTraceBehavior [ RunTime:0.000000s ]
INFO: [ app_end ] --END-- [ RunTime:0.001000s ]

[ 2017-08-09T19:07:40+08:00 ] ::1 /momo/Home/Public/login.html
INFO: [ app_init ] --START--
INFO: Run Behavior\BuildLiteBehavior [ RunTime:0.000000s ]
INFO: [ app_init ] --END-- [ RunTime:0.001000s ]
INFO: [ app_begin ] --START--
INFO: Run Behavior\ReadHtmlCacheBehavior [ RunTime:0.000000s ]
INFO: [ app_begin ] --END-- [ RunTime:0.001000s ]

[ 2017-08-09T19:07:41+08:00 ] ::1 /momo/Home/Public/verify.html?id=0.5737141978542626
INFO: [ app_init ] --START--
INFO: Run Behavior\BuildLiteBehavior [ RunTime:0.000000s ]
INFO: [ app_init ] --END-- [ RunTime:0.001000s ]
INFO: [ app_begin ] --START--
INFO: Run Behavior\ReadHtmlCacheBehavior [ RunTime:0.000000s ]
INFO: [ app_begin ] --END-- [ RunTime:0.001000s ]
INFO: [ app_end ] --START--
INFO: Run Behavior\ShowPageTraceBehavior [ RunTime:0.000000s ]
INFO: [ app_end ] --END-- [ RunTime:0.000000s ]

[ 2017-08-09T19:09:26+08:00 ] ::1 /momo/Home/Public/verify.html?id=0.7642927527779222
INFO: [ app_init ] --START--
INFO: Run Behavior\BuildLiteBehavior [ RunTime:0.000000s ]
INFO: [ app_init ] --END-- [ RunTime:0.001000s ]
INFO: [ app_begin ] --START--
INFO: Run Behavior\ReadHtmlCacheBehavior [ RunTime:0.001000s ]
INFO: [ app_begin ] --END-- [ RunTime:0.001000s ]
INFO: [ app_end ] --START--
INFO: Run Behavior\ShowPageTraceBehavior [ RunTime:0.001000s ]
INFO: [ app_end ] --END-- [ RunTime:0.001000s ]

[ 2017-08-09T19:09:32+08:00 ] ::1 /momo/Home/Public/login.html
INFO: [ app_init ] --START--
INFO: Run Behavior\BuildLiteBehavior [ RunTime:0.000000s ]
INFO: [ app_init ] --END-- [ RunTime:0.001000s ]
INFO: [ app_begin ] --START--
INFO: Run Behavior\ReadHtmlCacheBehavior [ RunTime:0.002000s ]
INFO: [ app_begin ] --END-- [ RunTime:0.002000s ]
ERR: SQLSTATE[HY000] [1045] Access denied for user 'root'@'localhost' (using password: YES)

[ 2017-08-09T19:09:40+08:00 ] ::1 /momo/Home/Public/verify.html?id=0.6782699212397914
INFO: [ app_init ] --START--
INFO: Run Behavior\BuildLiteBehavior [ RunTime:0.000000s ]
INFO: [ app_init ] --END-- [ RunTime:0.001000s ]
INFO: [ app_begin ] --START--
INFO: Run Behavior\ReadHtmlCacheBehavior [ RunTime:0.000000s ]
INFO: [ app_begin ] --END-- [ RunTime:0.000000s ]
INFO: [ app_end ] --START--
INFO: Run Behavior\ShowPageTraceBehavior [ RunTime:0.000000s ]
INFO: [ app_end ] --END-- [ RunTime:0.001000s ]

[ 2017-08-09T19:09:43+08:00 ] ::1 /momo/Home/Public/verify.html?id=0.2705687454013608
INFO: [ app_init ] --START--
INFO: Run Behavior\BuildLiteBehavior [ RunTime:0.000000s ]
INFO: [ app_init ] --END-- [ RunTime:0.001000s ]
INFO: [ app_begin ] --START--
INFO: Run Behavior\ReadHtmlCacheBehavior [ RunTime:0.000000s ]
INFO: [ app_begin ] --END-- [ RunTime:0.001000s ]
INFO: [ app_end ] --START--
INFO: Run Behavior\ShowPageTraceBehavior [ RunTime:0.000000s ]
INFO: [ app_end ] --END-- [ RunTime:0.001000s ]

[ 2017-08-09T19:14:37+08:00 ] ::1 /momo/Home/Public/login.html
INFO: [ app_init ] --START--
INFO: Run Behavior\BuildLiteBehavior [ RunTime:0.001000s ]
INFO: [ app_init ] --END-- [ RunTime:0.001000s ]
INFO: [ app_begin ] --START--
INFO: Run Behavior\ReadHtmlCacheBehavior [ RunTime:0.001000s ]
INFO: [ app_begin ] --END-- [ RunTime:0.001000s ]
NOTIC: [8] Undefined property: Think\Db\Driver\Mysql::$connection xdebug://debug-eval 第 1 行.
NOTIC: [8] Undefined property: Think\Db\Driver\Mysql::$connection xdebug://debug-eval 第 1 行.
NOTIC: [8] Undefined property: Think\Db\Driver\Mysql::$connection xdebug://debug-eval 第 1 行.
NOTIC: [8] Undefined property: Think\Db\Driver\Mysql::$connection xdebug://debug-eval 第 1 行.
NOTIC: [8] Undefined property: Think\Db\Driver\Mysql::$connection xdebug://debug-eval 第 1 行.
NOTIC: [8] Undefined property: Think\Db\Driver\Mysql::$connection xdebug://debug-eval 第 1 行.
NOTIC: [8] Undefined property: Think\Db\Driver\Mysql::$connection xdebug://debug-eval 第 1 行.
NOTIC: [8] Undefined property: Think\Db\Driver\Mysql::$connection xdebug://debug-eval 第 1 行.
NOTIC: [8] Undefined variable: connection xdebug://debug-eval 第 1 行.
NOTIC: [8] Undefined property: Think\Db\Driver\Mysql::$connection xdebug://debug-eval 第 1 行.
NOTIC: [8] Undefined property: Think\Db\Driver\Mysql::$connection xdebug://debug-eval 第 1 行.
NOTIC: [8] Undefined property: Think\Db\Driver\Mysql::$connection xdebug://debug-eval 第 1 行.
NOTIC: [8] Undefined property: Think\Db\Driver\Mysql::$connection xdebug://debug-eval 第 1 行.
NOTIC: [8] Undefined property: Think\Db\Driver\Mysql::$connection xdebug://debug-eval 第 1 行.
NOTIC: [8] Undefined property: PDO::$connection xdebug://debug-eval 第 1 行.
NOTIC: [8] Undefined variable: config xdebug://debug-eval 第 1 行.
ERR: SQLSTATE[HY000] [1045] Access denied for user 'root'@'localhost' (using password: YES)

[ 2017-08-09T19:14:39+08:00 ] ::1 /momo/Home/Public/verify.html?id=0.9170940289681662
INFO: [ app_init ] --START--
INFO: Run Behavior\BuildLiteBehavior [ RunTime:0.000000s ]
INFO: [ app_init ] --END-- [ RunTime:0.000000s ]
INFO: [ app_begin ] --START--
INFO: Run Behavior\ReadHtmlCacheBehavior [ RunTime:0.001000s ]
INFO: [ app_begin ] --END-- [ RunTime:0.001000s ]
INFO: [ app_end ] --START--
INFO: Run Behavior\ShowPageTraceBehavior [ RunTime:0.001000s ]
INFO: [ app_end ] --END-- [ RunTime:0.001000s ]

[ 2017-08-09T19:16:36+08:00 ] ::1 /momo/Home/Public/login.html
INFO: [ app_init ] --START--
INFO: Run Behavior\BuildLiteBehavior [ RunTime:0.000000s ]
INFO: [ app_init ] --END-- [ RunTime:0.001000s ]
INFO: [ app_begin ] --START--
INFO: Run Behavior\ReadHtmlCacheBehavior [ RunTime:0.001000s ]
INFO: [ app_begin ] --END-- [ RunTime:0.001000s ]
NOTIC: [8] Undefined variable: config xdebug://debug-eval 第 1 行.
NOTIC: [8] Undefined variable: config xdebug://debug-eval 第 1 行.
NOTIC: [8] Undefined variable: config xdebug://debug-eval 第 1 行.
NOTIC: [8] Undefined variable: config xdebug://debug-eval 第 1 行.
NOTIC: [8] Undefined variable: config xdebug://debug-eval 第 1 行.
NOTIC: [8] Undefined variable: config xdebug://debug-eval 第 1 行.
NOTIC: [8] Undefined variable: config xdebug://debug-eval 第 1 行.
NOTIC: [8] Undefined variable: config xdebug://debug-eval 第 1 行.
NOTIC: [8] Undefined variable: config xdebug://debug-eval 第 1 行.
NOTIC: [8] Undefined variable: config xdebug://debug-eval 第 1 行.
NOTIC: [8] Undefined variable: config xdebug://debug-eval 第 1 行.
NOTIC: [8] Undefined variable: config xdebug://debug-eval 第 1 行.
NOTIC: [8] Undefined variable: config xdebug://debug-eval 第 1 行.
NOTIC: [8] Undefined variable: config xdebug://debug-eval 第 1 行.
NOTIC: [8] Undefined variable: config xdebug://debug-eval 第 1 行.
NOTIC: [8] Undefined variable: config xdebug://debug-eval 第 1 行.
NOTIC: [8] Undefined variable: config xdebug://debug-eval 第 1 行.
NOTIC: [8] Undefined variable: config xdebug://debug-eval 第 1 行.
NOTIC: [8] Undefined variable: config xdebug://debug-eval 第 1 行.
NOTIC: [8] Undefined variable: config xdebug://debug-eval 第 1 行.
NOTIC: [8] Undefined variable: config xdebug://debug-eval 第 1 行.
NOTIC: [8] Undefined variable: config xdebug://debug-eval 第 1 行.
NOTIC: [8] Undefined variable: config xdebug://debug-eval 第 1 行.
NOTIC: [8] Undefined variable: config xdebug://debug-eval 第 1 行.
NOTIC: [8] Undefined variable: config xdebug://debug-eval 第 1 行.
NOTIC: [8] Undefined variable: config xdebug://debug-eval 第 1 行.
NOTIC: [8] Undefined variable: config xdebug://debug-eval 第 1 行.
NOTIC: [8] Undefined variable: config xdebug://debug-eval 第 1 行.
NOTIC: [8] Undefined variable: config xdebug://debug-eval 第 1 行.
NOTIC: [8] Undefined variable: config xdebug://debug-eval 第 1 行.
NOTIC: [8] Undefined variable: config xdebug://debug-eval 第 1 行.
NOTIC: [8] Undefined property: Think\Db\Driver\Mysql::$connection xdebug://debug-eval 第 1 行.
NOTIC: [8] Undefined property: PDO::$connection xdebug://debug-eval 第 1 行.
NOTIC: [8] Undefined variable: config xdebug://debug-eval 第 1 行.
ERR: SQLSTATE[HY000] [1045] Access denied for user 'root'@'localhost' (using password: YES)

[ 2017-08-09T19:16:38+08:00 ] ::1 /momo/Home/Public/verify.html?id=0.3941239410172326
INFO: [ app_init ] --START--
INFO: Run Behavior\BuildLiteBehavior [ RunTime:0.000000s ]
INFO: [ app_init ] --END-- [ RunTime:0.000000s ]
INFO: [ app_begin ] --START--
INFO: Run Behavior\ReadHtmlCacheBehavior [ RunTime:0.000000s ]
INFO: [ app_begin ] --END-- [ RunTime:0.000000s ]
INFO: [ app_end ] --START--
INFO: Run Behavior\ShowPageTraceBehavior [ RunTime:0.001000s ]
INFO: [ app_end ] --END-- [ RunTime:0.001000s ]

[ 2017-08-09T19:19:47+08:00 ] ::1 /momo/Home/Public/login.html
INFO: [ app_init ] --START--
INFO: Run Behavior\BuildLiteBehavior [ RunTime:0.000000s ]
INFO: [ app_init ] --END-- [ RunTime:0.001000s ]
INFO: [ app_begin ] --START--
INFO: Run Behavior\ReadHtmlCacheBehavior [ RunTime:0.001000s ]
INFO: [ app_begin ] --END-- [ RunTime:0.001000s ]
NOTIC: [8] Undefined property: Think\Db\Driver\Mysql::$connection xdebug://debug-eval 第 1 行.
NOTIC: [8] Undefined property: Think\Db\Driver\Mysql::$connection xdebug://debug-eval 第 1 行.
NOTIC: [8] Undefined property: Think\Db\Driver\Mysql::$connection xdebug://debug-eval 第 1 行.

[ 2017-08-09T19:22:06+08:00 ] ::1 /momo/Home/Public/login.html
INFO: [ app_begin ] --START--
INFO: Run Behavior\ReadHtmlCacheBehavior [ RunTime:0.001000s ]
INFO: [ app_begin ] --END-- [ RunTime:0.001000s ]
NOTIC: [8] Undefined property: Think\Db\Driver\Mysql::$connection xdebug://debug-eval 第 1 行.
NOTIC: [8] Undefined variable: config xdebug://debug-eval 第 1 行.
NOTIC: [8] Undefined property: PDOStatement::$connection xdebug://debug-eval 第 1 行.
ERR: SQLSTATE[3D000]: Invalid catalog name: 1046 No database selected

[ 2017-08-09T19:24:54+08:00 ] ::1 /momo/Home/Public/login.html
INFO: [ app_begin ] --START--
INFO: Run Behavior\ReadHtmlCacheBehavior [ RunTime:0.001000s ]
INFO: [ app_begin ] --END-- [ RunTime:0.001000s ]
NOTIC: [8] Undefined property: Think\Db\Driver\Mysql::$connection xdebug://debug-eval 第 1 行.
NOTIC: [8] Undefined property: Think\Db\Driver\Mysql::$connection xdebug://debug-eval 第 1 行.
NOTIC: [8] Undefined property: Think\Db\Driver\Mysql::$connection xdebug://debug-eval 第 1 行.
NOTIC: [8] Undefined property: Think\Db\Driver\Mysql::$connection xdebug://debug-eval 第 1 行.
NOTIC: [8] Undefined property: Think\Db\Driver\Mysql::$connection xdebug://debug-eval 第 1 行.
NOTIC: [8] Undefined variable: config xdebug://debug-eval 第 1 行.
NOTIC: [8] Undefined variable: config xdebug://debug-eval 第 1 行.
NOTIC: [8] Undefined variable: config xdebug://debug-eval 第 1 行.
NOTIC: [8] Undefined variable: config xdebug://debug-eval 第 1 行.
NOTIC: [8] Undefined property: Think\Db\Driver\Mysql::$connection xdebug://debug-eval 第 1 行.
NOTIC: [8] Undefined property: Think\Db\Driver\Mysql::$connection xdebug://debug-eval 第 1 行.
NOTIC: [8] Undefined property: Think\Db\Driver\Mysql::$connection xdebug://debug-eval 第 1 行.
NOTIC: [8] Undefined property: Think\Db\Driver\Mysql::$connection xdebug://debug-eval 第 1 行.
NOTIC: [8] Undefined property: Think\Db\Driver\Mysql::$connection xdebug://debug-eval 第 1 行.
NOTIC: [8] Undefined property: Think\Db\Driver\Mysql::$connection xdebug://debug-eval 第 1 行.
NOTIC: [8] Undefined variable: config xdebug://debug-eval 第 1 行.
NOTIC: [8] Undefined property: Think\Db\Driver\Mysql::$connection xdebug://debug-eval 第 1 行.
NOTIC: [8] Undefined variable: config xdebug://debug-eval 第 1 行.
NOTIC: [8] Undefined property: Think\Db\Driver\Mysql::$connection xdebug://debug-eval 第 1 行.
NOTIC: [8] Undefined variable: config xdebug://debug-eval 第 1 行.
NOTIC: [8] Undefined property: Think\Db\Driver\Mysql::$connection xdebug://debug-eval 第 1 行.
NOTIC: [8] Undefined variable: config xdebug://debug-eval 第 1 行.
NOTIC: [8] Undefined property: Think\Db\Driver\Mysql::$connection xdebug://debug-eval 第 1 行.
NOTIC: [8] Undefined variable: config xdebug://debug-eval 第 1 行.
NOTIC: [8] Undefined property: Think\Db\Driver\Mysql::$connection xdebug://debug-eval 第 1 行.
NOTIC: [8] Undefined variable: config xdebug://debug-eval 第 1 行.
NOTIC: [8] Undefined property: Think\Db\Driver\Mysql::$connection xdebug://debug-eval 第 1 行.
NOTIC: [8] Undefined variable: config xdebug://debug-eval 第 1 行.
NOTIC: [8] Undefined property: Think\Db\Driver\Mysql::$connection xdebug://debug-eval 第 1 行.
NOTIC: [8] Undefined variable: config xdebug://debug-eval 第 1 行.
NOTIC: [8] Undefined property: Think\Db\Driver\Mysql::$connection xdebug://debug-eval 第 1 行.
NOTIC: [8] Undefined variable: config xdebug://debug-eval 第 1 行.
NOTIC: [8] Undefined property: Think\Db\Driver\Mysql::$connection xdebug://debug-eval 第 1 行.
NOTIC: [8] Undefined variable: config xdebug://debug-eval 第 1 行.
NOTIC: [8] Undefined property: Think\Db\Driver\Mysql::$connection xdebug://debug-eval 第 1 行.
NOTIC: [8] Undefined variable: config xdebug://debug-eval 第 1 行.
NOTIC: [8] Undefined property: Think\Db\Driver\Mysql::$connection xdebug://debug-eval 第 1 行.
NOTIC: [8] Undefined variable: config xdebug://debug-eval 第 1 行.
NOTIC: [8] Undefined property: Think\Db\Driver\Mysql::$connection xdebug://debug-eval 第 1 行.
NOTIC: [8] Undefined variable: config xdebug://debug-eval 第 1 行.
NOTIC: [8] Undefined property: Think\Db\Driver\Mysql::$connection xdebug://debug-eval 第 1 行.
NOTIC: [8] Undefined variable: config xdebug://debug-eval 第 1 行.
NOTIC: [8] Undefined property: Think\Db\Driver\Mysql::$connection xdebug://debug-eval 第 1 行.
NOTIC: [8] Undefined variable: config xdebug://debug-eval 第 1 行.
NOTIC: [8] Undefined property: Think\Db\Driver\Mysql::$connection xdebug://debug-eval 第 1 行.
NOTIC: [8] Undefined variable: config xdebug://debug-eval 第 1 行.
NOTIC: [8] Undefined property: Think\Db\Driver\Mysql::$connection xdebug://debug-eval 第 1 行.
NOTIC: [8] Undefined variable: config xdebug://debug-eval 第 1 行.
NOTIC: [8] Undefined property: Think\Db\Driver\Mysql::$connection xdebug://debug-eval 第 1 行.
NOTIC: [8] Undefined variable: config xdebug://debug-eval 第 1 行.
NOTIC: [8] Undefined property: Think\Db\Driver\Mysql::$connection xdebug://debug-eval 第 1 行.
NOTIC: [8] Undefined variable: config xdebug://debug-eval 第 1 行.
NOTIC: [8] Undefined property: Think\Db\Driver\Mysql::$connection xdebug://debug-eval 第 1 行.
NOTIC: [8] Undefined variable: config xdebug://debug-eval 第 1 行.
NOTIC: [8] Undefined property: Think\Db\Driver\Mysql::$connection xdebug://debug-eval 第 1 行.
NOTIC: [8] Undefined variable: config xdebug://debug-eval 第 1 行.
NOTIC: [8] Undefined property: PDOStatement::$connection xdebug://debug-eval 第 1 行.
NOTIC: [8] Undefined variable: config xdebug://debug-eval 第 1 行.
ERR: SQLSTATE[3D000]: Invalid catalog name: 1046 No database selected

[ 2017-08-09T19:28:04+08:00 ] ::1 /momo/Home/Public/login.html
INFO: [ app_begin ] --START--
INFO: Run Behavior\ReadHtmlCacheBehavior [ RunTime:0.000000s ]
INFO: [ app_begin ] --END-- [ RunTime:0.001000s ]
NOTIC: [8] Undefined property: Think\Db\Driver\Mysql::$connection xdebug://debug-eval 第 1 行.
NOTIC: [8] Undefined property: Think\Db\Driver\Mysql::$connection xdebug://debug-eval 第 1 行.
NOTIC: [8] Undefined property: Think\Db\Driver\Mysql::$connection xdebug://debug-eval 第 1 行.
NOTIC: [8] Undefined property: Think\Db\Driver\Mysql::$connection xdebug://debug-eval 第 1 行.
NOTIC: [8] Undefined property: Think\Db\Driver\Mysql::$connection xdebug://debug-eval 第 1 行.
NOTIC: [8] Undefined property: Think\Db\Driver\Mysql::$connection xdebug://debug-eval 第 1 行.
NOTIC: [8] Undefined property: Think\Db\Driver\Mysql::$connection xdebug://debug-eval 第 1 行.
NOTIC: [8] Undefined property: Think\Db\Driver\Mysql::$connection xdebug://debug-eval 第 1 行.
NOTIC: [8] Undefined property: Think\Db\Driver\Mysql::$connection xdebug://debug-eval 第 1 行.
NOTIC: [8] Undefined property: Think\Db\Driver\Mysql::$connection xdebug://debug-eval 第 1 行.
NOTIC: [8] Undefined property: Think\Db\Driver\Mysql::$connection xdebug://debug-eval 第 1 行.
NOTIC: [8] Undefined variable: config xdebug://debug-eval 第 1 行.
NOTIC: [8] Undefined property: Think\Db\Driver\Mysql::$connection xdebug://debug-eval 第 1 行.
NOTIC: [8] Undefined variable: config xdebug://debug-eval 第 1 行.
NOTIC: [8] Undefined property: Think\Db\Driver\Mysql::$connection xdebug://debug-eval 第 1 行.
NOTIC: [8] Undefined variable: config xdebug://debug-eval 第 1 行.
NOTIC: [8] Undefined property: Think\Db\Driver\Mysql::$connection xdebug://debug-eval 第 1 行.
NOTIC: [8] Undefined variable: config xdebug://debug-eval 第 1 行.
NOTIC: [8] Undefined property: Think\Db\Driver\Mysql::$connection xdebug://debug-eval 第 1 行.
NOTIC: [8] Undefined variable: config xdebug://debug-eval 第 1 行.
NOTIC: [8] Undefined property: Think\Db\Driver\Mysql::$connection xdebug://debug-eval 第 1 行.
NOTIC: [8] Undefined variable: config xdebug://debug-eval 第 1 行.
NOTIC: [8] Undefined property: Think\Db\Driver\Mysql::$connection xdebug://debug-eval 第 1 行.
NOTIC: [8] Undefined variable: config xdebug://debug-eval 第 1 行.
NOTIC: [8] Undefined property: Think\Db\Driver\Mysql::$connection xdebug://debug-eval 第 1 行.
NOTIC: [8] Undefined variable: config xdebug://debug-eval 第 1 行.
NOTIC: [8] Undefined property: Think\Db\Driver\Mysql::$connection xdebug://debug-eval 第 1 行.
NOTIC: [8] Undefined variable: config xdebug://debug-eval 第 1 行.
NOTIC: [8] Undefined property: Think\Db\Driver\Mysql::$connection xdebug://debug-eval 第 1 行.
NOTIC: [8] Undefined variable: config xdebug://debug-eval 第 1 行.
NOTIC: [8] Undefined property: Think\Db\Driver\Mysql::$connection xdebug://debug-eval 第 1 行.
NOTIC: [8] Undefined variable: config xdebug://debug-eval 第 1 行.
NOTIC: [8] Undefined property: Think\Db\Driver\Mysql::$connection xdebug://debug-eval 第 1 行.
NOTIC: [8] Undefined variable: config xdebug://debug-eval 第 1 行.
NOTIC: [8] Undefined property: Think\Db\Driver\Mysql::$connection xdebug://debug-eval 第 1 行.
NOTIC: [8] Undefined variable: config xdebug://debug-eval 第 1 行.
NOTIC: [8] Undefined property: Think\Db\Driver\Mysql::$connection xdebug://debug-eval 第 1 行.
NOTIC: [8] Undefined variable: config xdebug://debug-eval 第 1 行.
NOTIC: [8] Undefined property: Think\Db\Driver\Mysql::$connection xdebug://debug-eval 第 1 行.
NOTIC: [8] Undefined variable: config xdebug://debug-eval 第 1 行.
NOTIC: [8] Undefined property: Think\Db\Driver\Mysql::$connection xdebug://debug-eval 第 1 行.
NOTIC: [8] Undefined variable: config xdebug://debug-eval 第 1 行.
NOTIC: [8] Undefined property: Think\Db\Driver\Mysql::$connection xdebug://debug-eval 第 1 行.
NOTIC: [8] Undefined variable: config xdebug://debug-eval 第 1 行.
NOTIC: [8] Undefined property: Think\Db\Driver\Mysql::$connection xdebug://debug-eval 第 1 行.
NOTIC: [8] Undefined variable: config xdebug://debug-eval 第 1 行.
NOTIC: [8] Undefined property: Think\Db\Driver\Mysql::$connection xdebug://debug-eval 第 1 行.
NOTIC: [8] Undefined variable: config xdebug://debug-eval 第 1 行.
NOTIC: [8] Undefined property: Think\Db\Driver\Mysql::$connection xdebug://debug-eval 第 1 行.
NOTIC: [8] Undefined variable: config xdebug://debug-eval 第 1 行.
NOTIC: [8] Undefined property: PDOStatement::$connection xdebug://debug-eval 第 1 行.
NOTIC: [8] Undefined variable: config xdebug://debug-eval 第 1 行.
NOTIC: [8] Undefined variable: config xdebug://debug-eval 第 1 行.
NOTIC: [8] Undefined variable: config xdebug://debug-eval 第 1 行.
NOTIC: [8] Undefined variable: config xdebug://debug-eval 第 1 行.
NOTIC: [8] Undefined variable: config xdebug://debug-eval 第 1 行.
NOTIC: [8] Undefined variable: config xdebug://debug-eval 第 1 行.
NOTIC: [8] Undefined variable: config xdebug://debug-eval 第 1 行.

[ 2017-08-09T19:31:53+08:00 ] ::1 /momo/Home/Public/login.html
INFO: [ app_begin ] --START--
INFO: Run Behavior\ReadHtmlCacheBehavior [ RunTime:0.001000s ]
INFO: [ app_begin ] --END-- [ RunTime:0.001000s ]
NOTIC: [8] Undefined property: Think\Db\Driver\Mysql::$connection xdebug://debug-eval 第 1 行.
NOTIC: [8] Undefined property: Think\Db\Driver\Mysql::$connection xdebug://debug-eval 第 1 行.
NOTIC: [8] Undefined variable: config xdebug://debug-eval 第 1 行.
NOTIC: [8] Undefined property: Think\Db\Driver\Mysql::$connection xdebug://debug-eval 第 1 行.
NOTIC: [8] Undefined variable: config xdebug://debug-eval 第 1 行.
NOTIC: [8] Undefined property: PDOStatement::$connection xdebug://debug-eval 第 1 行.
ERR: SQLSTATE[3D000]: Invalid catalog name: 1046 No database selected

[ 2017-08-09T19:32:01+08:00 ] ::1 /momo/Home/Public/login.html
INFO: [ app_begin ] --START--
INFO: Run Behavior\ReadHtmlCacheBehavior [ RunTime:0.001000s ]
INFO: [ app_begin ] --END-- [ RunTime:0.001000s ]

[ 2017-08-09T19:32:26+08:00 ] ::1 /momo/Home/Public/login.html
INFO: [ app_begin ] --START--
INFO: Run Behavior\ReadHtmlCacheBehavior [ RunTime:0.000000s ]
INFO: [ app_begin ] --END-- [ RunTime:0.001000s ]
NOTIC: [8] Undefined property: Think\Db\Driver\Mysql::$connection xdebug://debug-eval 第 1 行.
NOTIC: [8] Undefined property: Think\Db\Driver\Mysql::$connection xdebug://debug-eval 第 1 行.
NOTIC: [8] Undefined variable: config xdebug://debug-eval 第 1 行.
NOTIC: [8] Undefined property: Think\Db\Driver\Mysql::$connection xdebug://debug-eval 第 1 行.
SQL: SHOW COLUMNS FROM `momo_member` [ RunTime:0.0030s ]
NOTIC: [8] Undefined variable: config xdebug://debug-eval 第 1 行.
NOTIC: [8] Undefined property: Think\Db\Driver\Mysql::$connection xdebug://debug-eval 第 1 行.
SQL: SELECT * FROM `momo_member` WHERE `username` = 'qinga' AND `password` = 'e10adc3949ba59abbe56e057f20f883e' AND `status` = 1  [ RunTime:0.0010s ]

[ 2017-08-09T19:32:47+08:00 ] ::1 /momo/Home/Public/login.html
INFO: [ app_begin ] --START--
INFO: Run Behavior\ReadHtmlCacheBehavior [ RunTime:0.001001s ]
INFO: [ app_begin ] --END-- [ RunTime:0.003001s ]
SQL: SHOW COLUMNS FROM `momo_member` [ RunTime:0.0020s ]
SQL: SELECT * FROM `momo_member` WHERE `username` = 'qinga' AND `password` = 'e10adc3949ba59abbe56e057f20f883e' AND `status` = 1  [ RunTime:0.0000s ]

[ 2017-08-09T19:33:40+08:00 ] ::1 /momo/Home/Public/login.html
INFO: [ app_begin ] --START--
INFO: Run Behavior\ReadHtmlCacheBehavior [ RunTime:0.001000s ]
INFO: [ app_begin ] --END-- [ RunTime:0.003000s ]
SQL: SHOW COLUMNS FROM `momo_member` [ RunTime:0.0020s ]
SQL: SELECT * FROM `momo_member` WHERE `username` = 'admin' AND `password` = 'c3284d0f94606de1fd2af172aba15bf3' AND `status` = 1  [ RunTime:0.0010s ]

[ 2017-08-09T19:39:34+08:00 ] ::1 /momo/Home/Public/login.html
INFO: [ app_begin ] --START--
INFO: Run Behavior\ReadHtmlCacheBehavior [ RunTime:0.000000s ]
INFO: [ app_begin ] --END-- [ RunTime:0.001001s ]
NOTIC: [8] Undefined variable: config xdebug://debug-eval 第 1 行.
NOTIC: [8] Undefined variable: config xdebug://debug-eval 第 1 行.
NOTIC: [8] Undefined variable: config xdebug://debug-eval 第 1 行.
NOTIC: [8] Undefined variable: config xdebug://debug-eval 第 1 行.
NOTIC: [8] Undefined variable: config xdebug://debug-eval 第 1 行.
NOTIC: [8] Undefined variable: config xdebug://debug-eval 第 1 行.
NOTIC: [8] Undefined variable: config xdebug://debug-eval 第 1 行.
NOTIC: [8] Undefined variable: config xdebug://debug-eval 第 1 行.
NOTIC: [8] Undefined variable: config xdebug://debug-eval 第 1 行.
NOTIC: [8] Undefined variable: config xdebug://debug-eval 第 1 行.
NOTIC: [8] Undefined property: Think\Db\Driver\Mysql::$connection xdebug://debug-eval 第 1 行.
NOTIC: [8] Undefined property: Think\Db\Driver\Mysql::$connection xdebug://debug-eval 第 1 行.
NOTIC: [8] Undefined property: Think\Db\Driver\Mysql::$connection xdebug://debug-eval 第 1 行.
NOTIC: [8] Undefined property: Think\Db\Driver\Mysql::$connection xdebug://debug-eval 第 1 行.
NOTIC: [8] Undefined property: Think\Db\Driver\Mysql::$connection xdebug://debug-eval 第 1 行.
NOTIC: [8] Undefined property: Think\Db\Driver\Mysql::$connection xdebug://debug-eval 第 1 行.
NOTIC: [8] Undefined property: Think\Db\Driver\Mysql::$connection xdebug://debug-eval 第 1 行.
NOTIC: [8] Undefined property: Think\Db\Driver\Mysql::$connection xdebug://debug-eval 第 1 行.
NOTIC: [8] Undefined property: Think\Db\Driver\Mysql::$connection xdebug://debug-eval 第 1 行.
NOTIC: [8] Undefined property: Think\Db\Driver\Mysql::$connection xdebug://debug-eval 第 1 行.
NOTIC: [8] Undefined property: Think\Db\Driver\Mysql::$connection xdebug://debug-eval 第 1 行.
NOTIC: [8] Undefined property: Think\Db\Driver\Mysql::$connection xdebug://debug-eval 第 1 行.
NOTIC: [8] Undefined variable: config xdebug://debug-eval 第 1 行.
NOTIC: [8] Undefined property: Think\Db\Driver\Mysql::$connection xdebug://debug-eval 第 1 行.
NOTIC: [8] Undefined variable: config xdebug://debug-eval 第 1 行.
NOTIC: [8] Undefined property: Think\Db\Driver\Mysql::$connection xdebug://debug-eval 第 1 行.
NOTIC: [8] Undefined variable: config xdebug://debug-eval 第 1 行.
NOTIC: [8] Undefined property: Think\Db\Driver\Mysql::$connection xdebug://debug-eval 第 1 行.
NOTIC: [8] Undefined variable: config xdebug://debug-eval 第 1 行.
NOTIC: [8] Undefined property: Think\Db\Driver\Mysql::$connection xdebug://debug-eval 第 1 行.
NOTIC: [8] Undefined variable: config xdebug://debug-eval 第 1 行.
NOTIC: [8] Undefined property: Think\Db\Driver\Mysql::$connection xdebug://debug-eval 第 1 行.
NOTIC: [8] Undefined variable: config xdebug://debug-eval 第 1 行.
NOTIC: [8] Undefined property: Think\Db\Driver\Mysql::$connection xdebug://debug-eval 第 1 行.
NOTIC: [8] Undefined variable: config xdebug://debug-eval 第 1 行.
NOTIC: [8] Undefined property: Think\Db\Driver\Mysql::$connection xdebug://debug-eval 第 1 行.
NOTIC: [8] Undefined variable: config xdebug://debug-eval 第 1 行.
NOTIC: [8] Undefined property: Think\Db\Driver\Mysql::$connection xdebug://debug-eval 第 1 行.
NOTIC: [8] Undefined variable: config xdebug://debug-eval 第 1 行.
NOTIC: [8] Undefined property: Think\Db\Driver\Mysql::$connection xdebug://debug-eval 第 1 行.
NOTIC: [8] Undefined variable: config xdebug://debug-eval 第 1 行.
NOTIC: [8] Undefined property: Think\Db\Driver\Mysql::$connection xdebug://debug-eval 第 1 行.
NOTIC: [8] Undefined variable: config xdebug://debug-eval 第 1 行.
NOTIC: [8] Undefined property: Think\Db\Driver\Mysql::$connection xdebug://debug-eval 第 1 行.
NOTIC: [8] Undefined variable: config xdebug://debug-eval 第 1 行.
NOTIC: [8] Undefined property: Think\Db\Driver\Mysql::$connection xdebug://debug-eval 第 1 行.
NOTIC: [8] Undefined variable: config xdebug://debug-eval 第 1 行.
NOTIC: [8] Undefined property: Think\Db\Driver\Mysql::$connection xdebug://debug-eval 第 1 行.
NOTIC: [8] Undefined variable: config xdebug://debug-eval 第 1 行.
NOTIC: [8] Undefined property: Think\Db\Driver\Mysql::$connection xdebug://debug-eval 第 1 行.
NOTIC: [8] Undefined variable: config xdebug://debug-eval 第 1 行.
NOTIC: [8] Undefined property: Think\Db\Driver\Mysql::$connection xdebug://debug-eval 第 1 行.
NOTIC: [8] Undefined variable: config xdebug://debug-eval 第 1 行.
NOTIC: [8] Undefined property: Think\Db\Driver\Mysql::$connection xdebug://debug-eval 第 1 行.
NOTIC: [8] Undefined variable: config xdebug://debug-eval 第 1 行.
NOTIC: [8] Undefined property: Think\Db\Driver\Mysql::$connection xdebug://debug-eval 第 1 行.
NOTIC: [8] Undefined variable: config xdebug://debug-eval 第 1 行.
NOTIC: [8] Undefined property: Think\Db\Driver\Mysql::$connection xdebug://debug-eval 第 1 行.
NOTIC: [8] Undefined variable: config xdebug://debug-eval 第 1 行.
NOTIC: [8] Undefined property: Think\Db\Driver\Mysql::$connection xdebug://debug-eval 第 1 行.
NOTIC: [8] Undefined variable: config xdebug://debug-eval 第 1 行.
NOTIC: [8] Undefined property: Think\Db\Driver\Mysql::$connection xdebug://debug-eval 第 1 行.
SQL: SHOW COLUMNS FROM `momo_member` [ RunTime:3.1452s ]
NOTIC: [8] Undefined variable: config xdebug://debug-eval 第 1 行.
NOTIC: [8] Undefined property: Think\Db\Driver\Mysql::$connection xdebug://debug-eval 第 1 行.
NOTIC: [8] Undefined variable: config xdebug://debug-eval 第 1 行.
NOTIC: [8] Undefined property: Think\Db\Driver\Mysql::$connection xdebug://debug-eval 第 1 行.
NOTIC: [8] Undefined variable: config xdebug://debug-eval 第 1 行.
NOTIC: [8] Undefined property: Think\Db\Driver\Mysql::$connection xdebug://debug-eval 第 1 行.
NOTIC: [8] Undefined variable: config xdebug://debug-eval 第 1 行.
NOTIC: [8] Undefined property: Think\Db\Driver\Mysql::$connection xdebug://debug-eval 第 1 行.
NOTIC: [8] Undefined variable: config xdebug://debug-eval 第 1 行.
NOTIC: [8] Undefined property: Think\Db\Driver\Mysql::$connection xdebug://debug-eval 第 1 行.
NOTIC: [8] Undefined variable: config xdebug://debug-eval 第 1 行.
NOTIC: [8] Undefined property: Think\Db\Driver\Mysql::$connection xdebug://debug-eval 第 1 行.
NOTIC: [8] Undefined variable: config xdebug://debug-eval 第 1 行.
NOTIC: [8] Undefined property: Think\Db\Driver\Mysql::$connection xdebug://debug-eval 第 1 行.
NOTIC: [8] Undefined variable: config xdebug://debug-eval 第 1 行.
NOTIC: [8] Undefined property: Think\Db\Driver\Mysql::$connection xdebug://debug-eval 第 1 行.
NOTIC: [8] Undefined variable: config xdebug://debug-eval 第 1 行.
NOTIC: [8] Undefined property: Think\Db\Driver\Mysql::$connection xdebug://debug-eval 第 1 行.
NOTIC: [8] Undefined variable: config xdebug://debug-eval 第 1 行.
NOTIC: [8] Undefined property: Think\Db\Driver\Mysql::$connection xdebug://debug-eval 第 1 行.
NOTIC: [8] Undefined variable: config xdebug://debug-eval 第 1 行.
NOTIC: [8] Undefined property: Think\Db\Driver\Mysql::$connection xdebug://debug-eval 第 1 行.
NOTIC: [8] Undefined variable: config xdebug://debug-eval 第 1 行.
NOTIC: [8] Undefined property: Think\Db\Driver\Mysql::$connection xdebug://debug-eval 第 1 行.
NOTIC: [8] Undefined variable: config xdebug://debug-eval 第 1 行.
NOTIC: [8] Undefined property: Think\Db\Driver\Mysql::$connection xdebug://debug-eval 第 1 行.
NOTIC: [8] Undefined variable: config xdebug://debug-eval 第 1 行.
NOTIC: [8] Undefined property: Think\Db\Driver\Mysql::$connection xdebug://debug-eval 第 1 行.
NOTIC: [8] Undefined variable: config xdebug://debug-eval 第 1 行.
NOTIC: [8] Undefined property: Think\Db\Driver\Mysql::$connection xdebug://debug-eval 第 1 行.
NOTIC: [8] Undefined variable: config xdebug://debug-eval 第 1 行.
NOTIC: [8] Undefined property: Think\Db\Driver\Mysql::$connection xdebug://debug-eval 第 1 行.
NOTIC: [8] Undefined variable: config xdebug://debug-eval 第 1 行.
NOTIC: [8] Undefined property: Think\Db\Driver\Mysql::$connection xdebug://debug-eval 第 1 行.
NOTIC: [8] Undefined variable: config xdebug://debug-eval 第 1 行.
NOTIC: [8] Undefined property: Think\Db\Driver\Mysql::$connection xdebug://debug-eval 第 1 行.
NOTIC: [8] Undefined variable: config xdebug://debug-eval 第 1 行.
NOTIC: [8] Undefined property: Think\Db\Driver\Mysql::$connection xdebug://debug-eval 第 1 行.
NOTIC: [8] Undefined variable: config xdebug://debug-eval 第 1 行.
NOTIC: [8] Undefined property: Think\Db\Driver\Mysql::$connection xdebug://debug-eval 第 1 行.
NOTIC: [8] Undefined variable: config xdebug://debug-eval 第 1 行.
NOTIC: [8] Undefined property: Think\Db\Driver\Mysql::$connection xdebug://debug-eval 第 1 行.
NOTIC: [8] Undefined variable: config xdebug://debug-eval 第 1 行.
NOTIC: [8] Undefined property: Think\Db\Driver\Mysql::$connection xdebug://debug-eval 第 1 行.
NOTIC: [8] Undefined variable: config xdebug://debug-eval 第 1 行.
NOTIC: [8] Undefined property: Think\Db\Driver\Mysql::$connection xdebug://debug-eval 第 1 行.
NOTIC: [8] Undefined variable: config xdebug://debug-eval 第 1 行.
NOTIC: [8] Undefined property: Think\Db\Driver\Mysql::$connection xdebug://debug-eval 第 1 行.
NOTIC: [8] Undefined variable: config xdebug://debug-eval 第 1 行.
NOTIC: [8] Undefined property: Think\Db\Driver\Mysql::$connection xdebug://debug-eval 第 1 行.
NOTIC: [8] Undefined variable: config xdebug://debug-eval 第 1 行.
NOTIC: [8] Undefined property: Think\Db\Driver\Mysql::$connection xdebug://debug-eval 第 1 行.
NOTIC: [8] Undefined variable: config xdebug://debug-eval 第 1 行.
NOTIC: [8] Undefined property: Think\Db\Driver\Mysql::$connection xdebug://debug-eval 第 1 行.
NOTIC: [8] Undefined variable: config xdebug://debug-eval 第 1 行.
NOTIC: [8] Undefined property: Think\Db\Driver\Mysql::$connection xdebug://debug-eval 第 1 行.
NOTIC: [8] Undefined variable: config xdebug://debug-eval 第 1 行.
NOTIC: [8] Undefined property: Think\Db\Driver\Mysql::$connection xdebug://debug-eval 第 1 行.
NOTIC: [8] Undefined variable: config xdebug://debug-eval 第 1 行.
NOTIC: [8] Undefined property: Think\Db\Driver\Mysql::$connection xdebug://debug-eval 第 1 行.
NOTIC: [8] Undefined variable: config xdebug://debug-eval 第 1 行.
NOTIC: [8] Undefined property: Think\Db\Driver\Mysql::$connection xdebug://debug-eval 第 1 行.
NOTIC: [8] Undefined variable: config xdebug://debug-eval 第 1 行.
NOTIC: [8] Undefined property: Think\Db\Driver\Mysql::$connection xdebug://debug-eval 第 1 行.
NOTIC: [8] Undefined variable: config xdebug://debug-eval 第 1 行.
NOTIC: [8] Undefined variable: config xdebug://debug-eval 第 1 行.
NOTIC: [8] Undefined variable: config xdebug://debug-eval 第 1 行.
NOTIC: [8] Undefined variable: config xdebug://debug-eval 第 1 行.
NOTIC: [8] Undefined variable: config xdebug://debug-eval 第 1 行.
NOTIC: [8] Undefined variable: config xdebug://debug-eval 第 1 行.
NOTIC: [8] Undefined variable: config xdebug://debug-eval 第 1 行.
NOTIC: [8] Undefined variable: config xdebug://debug-eval 第 1 行.
NOTIC: [8] Undefined variable: config xdebug://debug-eval 第 1 行.
NOTIC: [8] Undefined variable: config xdebug://debug-eval 第 1 行.
NOTIC: [8] Undefined variable: config xdebug://debug-eval 第 1 行.
NOTIC: [8] Undefined variable: config xdebug://debug-eval 第 1 行.
NOTIC: [8] Undefined variable: config xdebug://debug-eval 第 1 行.
NOTIC: [8] Undefined variable: config xdebug://debug-eval 第 1 行.
NOTIC: [8] Undefined variable: config xdebug://debug-eval 第 1 行.
NOTIC: [8] Undefined variable: config xdebug://debug-eval 第 1 行.
NOTIC: [8] Undefined variable: config xdebug://debug-eval 第 1 行.
NOTIC: [8] Undefined variable: config xdebug://debug-eval 第 1 行.
NOTIC: [8] Undefined variable: config xdebug://debug-eval 第 1 行.
NOTIC: [8] Undefined variable: config xdebug://debug-eval 第 1 行.
NOTIC: [8] Undefined variable: config xdebug://debug-eval 第 1 行.
NOTIC: [8] Undefined variable: config xdebug://debug-eval 第 1 行.
NOTIC: [8] Undefined variable: config xdebug://debug-eval 第 1 行.
NOTIC: [8] Undefined variable: config xdebug://debug-eval 第 1 行.
NOTIC: [8] Undefined variable: config xdebug://debug-eval 第 1 行.
NOTIC: [8] Undefined variable: config xdebug://debug-eval 第 1 行.
NOTIC: [8] Undefined variable: config xdebug://debug-eval 第 1 行.
NOTIC: [8] Undefined variable: config xdebug://debug-eval 第 1 行.
NOTIC: [8] Undefined variable: config xdebug://debug-eval 第 1 行.
NOTIC: [8] Undefined variable: config xdebug://debug-eval 第 1 行.
NOTIC: [8] Undefined variable: config xdebug://debug-eval 第 1 行.
NOTIC: [8] Undefined variable: config xdebug://debug-eval 第 1 行.
NOTIC: [8] Undefined property: Think\Db\Driver\Mysql::$connection xdebug://debug-eval 第 1 行.
SQL: SELECT * FROM `momo_member` WHERE `username` = 'qinga' AND `password` = 'e10adc3949ba59abbe56e057f20f883e' AND `status` = 1  [ RunTime:0.0010s ]

[ 2017-08-09T19:40:24+08:00 ] ::1 /momo/Home/Public/login.html
INFO: [ app_begin ] --START--
INFO: Run Behavior\ReadHtmlCacheBehavior [ RunTime:0.001000s ]
INFO: [ app_begin ] --END-- [ RunTime:0.002000s ]
NOTIC: [8] Undefined variable: config xdebug://debug-eval 第 1 行.
NOTIC: [8] Undefined property: Think\Db\Driver\Mysql::$connection xdebug://debug-eval 第 1 行.
NOTIC: [8] Undefined property: Think\Db\Driver\Mysql::$connection xdebug://debug-eval 第 1 行.
NOTIC: [8] Undefined variable: config xdebug://debug-eval 第 1 行.
NOTIC: [8] Undefined property: Think\Db\Driver\Mysql::$connection xdebug://debug-eval 第 1 行.
SQL: SHOW COLUMNS FROM `momo_member` [ RunTime:0.0020s ]
NOTIC: [8] Undefined variable: config xdebug://debug-eval 第 1 行.
NOTIC: [8] Undefined property: Think\Db\Driver\Mysql::$connection xdebug://debug-eval 第 1 行.

[ 2017-08-09T19:40:34+08:00 ] ::1 /momo/Home/Public/login.html
INFO: [ app_begin ] --START--
INFO: Run Behavior\ReadHtmlCacheBehavior [ RunTime:0.001000s ]
INFO: [ app_begin ] --END-- [ RunTime:0.001000s ]
SQL: SHOW COLUMNS FROM `momo_member` [ RunTime:0.0010s ]
SQL: SELECT * FROM `momo_member` WHERE `username` = 'admin' AND `password` = 'eb184cc3e4469723f6afda6b176ebb49' AND `status` = 1  [ RunTime:0.0010s ]

[ 2017-08-09T19:40:43+08:00 ] ::1 /momo/Home/Public/login.html
INFO: [ app_begin ] --START--
INFO: Run Behavior\ReadHtmlCacheBehavior [ RunTime:0.001000s ]
INFO: [ app_begin ] --END-- [ RunTime:0.002000s ]
SQL: SHOW COLUMNS FROM `momo_member` [ RunTime:0.0010s ]
SQL: SELECT * FROM `momo_member` WHERE `username` = 'admin' AND `password` = '21232f297a57a5a743894a0e4a801fc3' AND `status` = 1  [ RunTime:0.0010s ]
SQL: UPDATE `momo_member` SET `login`=`login`+1,`last_login_time`='1502278843',`last_login_ip`='0' WHERE `uid` = 1 [ RunTime:0.0000s ]

[ 2017-08-09T19:40:45+08:00 ] ::1 /momo/Home/Menu/config.html?node=root
INFO: [ app_begin ] --START--
INFO: Run Behavior\ReadHtmlCacheBehavior [ RunTime:0.001000s ]
INFO: [ app_begin ] --END-- [ RunTime:0.001000s ]

[ 2017-08-09T19:40:45+08:00 ] ::1 /momo/Home/Menu/distribute.html?node=root
INFO: [ app_begin ] --START--
INFO: Run Behavior\ReadHtmlCacheBehavior [ RunTime:0.000000s ]
INFO: [ app_begin ] --END-- [ RunTime:0.001000s ]

[ 2017-08-09T19:40:45+08:00 ] ::1 /momo/Home/Menu/inquiry.html?node=root
INFO: [ app_begin ] --START--
INFO: Run Behavior\ReadHtmlCacheBehavior [ RunTime:0.000000s ]
INFO: [ app_begin ] --END-- [ RunTime:0.001000s ]

[ 2017-08-09T19:40:45+08:00 ] ::1 /momo/Home/ChartLine/getInfo.html?_dc=1502278845381&page=1&start=0&limit=25
INFO: [ app_begin ] --START--
INFO: Run Behavior\ReadHtmlCacheBehavior [ RunTime:0.001000s ]
INFO: [ app_begin ] --END-- [ RunTime:0.001000s ]

[ 2017-08-09T19:40:45+08:00 ] ::1 /momo/Home/User/getInfo.html?_dc=1502278845380&page=1&start=0&limit=15
INFO: [ app_begin ] --START--
INFO: Run Behavior\ReadHtmlCacheBehavior [ RunTime:0.001000s ]
INFO: [ app_begin ] --END-- [ RunTime:0.001000s ]
SQL: SHOW COLUMNS FROM `momo_user` [ RunTime:0.0010s ]
SQL: SELECT COUNT(*) AS tp_count FROM `momo_user` WHERE ( id>=1 ) LIMIT 1   [ RunTime:0.0000s ]
SQL: SELECT * FROM `momo_user` LIMIT 0,15   [ RunTime:0.0000s ]

[ 2017-08-09T19:40:45+08:00 ] ::1 /momo/Home/Grade/getInfo.html?_dc=1502278845380&page=1&start=0&limit=15
INFO: [ app_begin ] --START--
INFO: Run Behavior\ReadHtmlCacheBehavior [ RunTime:0.000000s ]
INFO: [ app_begin ] --END-- [ RunTime:0.001000s ]
SQL: SHOW COLUMNS FROM `momo_grade` [ RunTime:0.0000s ]
SQL: SELECT COUNT(*) AS tp_count FROM `momo_grade` WHERE ( id>=1 ) LIMIT 1   [ RunTime:0.0000s ]
SQL: SELECT * FROM `momo_grade` LIMIT 0,15   [ RunTime:0.0000s ]

[ 2017-08-09T19:40:45+08:00 ] ::1 /momo/Home/ChartBar/getInfo.html?_dc=1502278845381&page=1&start=0&limit=25
INFO: [ app_begin ] --START--
INFO: Run Behavior\ReadHtmlCacheBehavior [ RunTime:0.001000s ]
INFO: [ app_begin ] --END-- [ RunTime:0.001000s ]

[ 2017-08-09T19:41:29+08:00 ] ::1 /momo/Home/ConfigNetset/getInfo.html
INFO: [ app_begin ] --START--
INFO: Run Behavior\ReadHtmlCacheBehavior [ RunTime:0.001000s ]
INFO: [ app_begin ] --END-- [ RunTime:0.001000s ]
SQL: SHOW COLUMNS FROM `momo_config_netset` [ RunTime:0.0020s ]
SQL: SELECT * FROM `momo_config_netset` WHERE `id` = 1  [ RunTime:0.0000s ]

[ 2017-08-09T19:41:45+08:00 ] ::1 /momo/Home/ConfigDbset/getInfo.html
INFO: [ app_begin ] --START--
INFO: Run Behavior\ReadHtmlCacheBehavior [ RunTime:0.001000s ]
INFO: [ app_begin ] --END-- [ RunTime:0.003000s ]
SQL: SHOW COLUMNS FROM `momo_config_dbset` [ RunTime:0.0030s ]
SQL: SELECT * FROM `momo_config_dbset` WHERE `id` = 1  [ RunTime:0.0000s ]

