[ 2017-08-10T10:15:09+08:00 ] ::1 /momo/Home/Public/login.html
INFO: [ app_begin ] --START--
INFO: Run Behavior\ReadHtmlCacheBehavior [ RunTime:0.001000s ]
INFO: [ app_begin ] --END-- [ RunTime:0.001000s ]
SQL: SHOW COLUMNS FROM `momo_member` [ RunTime:0.0280s ]
SQL: SELECT * FROM `momo_member` WHERE `username` = 'admin' AND `password` = '21232f297a57a5a743894a0e4a801fc3' AND `status` = 1  [ RunTime:0.0010s ]
SQL: UPDATE `momo_member` SET `login`=`login`+1,`last_login_time`='1502331309',`last_login_ip`='0' WHERE `uid` = 1 [ RunTime:0.0010s ]

[ 2017-08-10T10:15:10+08:00 ] ::1 /momo/Home/Menu/config.html?node=root
INFO: [ app_begin ] --START--
INFO: Run Behavior\ReadHtmlCacheBehavior [ RunTime:0.001000s ]
INFO: [ app_begin ] --END-- [ RunTime:0.001000s ]

[ 2017-08-10T10:15:10+08:00 ] ::1 /momo/Home/Menu/inquiry.html?node=root
INFO: [ app_begin ] --START--
INFO: Run Behavior\ReadHtmlCacheBehavior [ RunTime:0.001000s ]
INFO: [ app_begin ] --END-- [ RunTime:0.001000s ]

[ 2017-08-10T10:15:10+08:00 ] ::1 /momo/Home/Menu/distribute.html?node=root
INFO: [ app_begin ] --START--
INFO: Run Behavior\ReadHtmlCacheBehavior [ RunTime:0.000000s ]
INFO: [ app_begin ] --END-- [ RunTime:0.000000s ]

[ 2017-08-10T10:15:11+08:00 ] ::1 /momo/Home/ChartLine/getInfo.html?_dc=1502331310975&page=1&start=0&limit=25
INFO: [ app_begin ] --START--
INFO: Run Behavior\ReadHtmlCacheBehavior [ RunTime:0.001000s ]
INFO: [ app_begin ] --END-- [ RunTime:0.001000s ]

[ 2017-08-10T10:15:11+08:00 ] ::1 /momo/Home/User/getInfo.html?_dc=1502331310972&page=1&start=0&limit=15
INFO: [ app_begin ] --START--
INFO: Run Behavior\ReadHtmlCacheBehavior [ RunTime:0.000000s ]
INFO: [ app_begin ] --END-- [ RunTime:0.001000s ]
SQL: SHOW COLUMNS FROM `momo_user` [ RunTime:0.1890s ]
SQL: SELECT COUNT(*) AS tp_count FROM `momo_user` WHERE ( id>=1 ) LIMIT 1   [ RunTime:0.0010s ]
SQL: SELECT * FROM `momo_user` LIMIT 0,15   [ RunTime:0.0000s ]

[ 2017-08-10T10:15:11+08:00 ] ::1 /momo/Home/Grade/getInfo.html?_dc=1502331310974&page=1&start=0&limit=15
INFO: [ app_begin ] --START--
INFO: Run Behavior\ReadHtmlCacheBehavior [ RunTime:0.001000s ]
INFO: [ app_begin ] --END-- [ RunTime:0.001000s ]
SQL: SHOW COLUMNS FROM `momo_grade` [ RunTime:0.0180s ]
SQL: SELECT COUNT(*) AS tp_count FROM `momo_grade` WHERE ( id>=1 ) LIMIT 1   [ RunTime:0.0000s ]
SQL: SELECT * FROM `momo_grade` LIMIT 0,15   [ RunTime:0.0000s ]

[ 2017-08-10T10:15:11+08:00 ] ::1 /momo/Home/ChartBar/getInfo.html?_dc=1502331310976&page=1&start=0&limit=25
INFO: [ app_begin ] --START--
INFO: Run Behavior\ReadHtmlCacheBehavior [ RunTime:0.001000s ]
INFO: [ app_begin ] --END-- [ RunTime:0.001000s ]

[ 2017-08-10T10:15:15+08:00 ] ::1 /momo/Home/ConfigNetset/getInfo.html
INFO: [ app_begin ] --START--
INFO: Run Behavior\ReadHtmlCacheBehavior [ RunTime:0.001000s ]
INFO: [ app_begin ] --END-- [ RunTime:0.002000s ]
SQL: SHOW COLUMNS FROM `momo_config_netset` [ RunTime:0.0090s ]
SQL: SELECT * FROM `momo_config_netset` WHERE `id` = 1  [ RunTime:0.0000s ]

[ 2017-08-10T10:15:17+08:00 ] ::1 /momo/Home/ConfigDbset/getInfo.html
INFO: [ app_begin ] --START--
INFO: Run Behavior\ReadHtmlCacheBehavior [ RunTime:0.001001s ]
INFO: [ app_begin ] --END-- [ RunTime:0.002001s ]
SQL: SHOW COLUMNS FROM `momo_config_dbset` [ RunTime:0.0380s ]
SQL: SELECT * FROM `momo_config_dbset` WHERE `id` = 1  [ RunTime:0.0010s ]

[ 2017-08-10T17:46:22+08:00 ] ::1 /momo/Home/Public/login.html
INFO: [ app_begin ] --START--
INFO: Run Behavior\ReadHtmlCacheBehavior [ RunTime:0.000000s ]
INFO: [ app_begin ] --END-- [ RunTime:0.002001s ]

[ 2017-08-10T17:46:32+08:00 ] ::1 /momo/Home/Public/login.html
INFO: [ app_begin ] --START--
INFO: Run Behavior\ReadHtmlCacheBehavior [ RunTime:0.001000s ]
INFO: [ app_begin ] --END-- [ RunTime:0.002000s ]
SQL: SHOW COLUMNS FROM `momo_member` [ RunTime:0.0200s ]
SQL: SELECT * FROM `momo_member` WHERE `username` = 'admin' AND `password` = '21232f297a57a5a743894a0e4a801fc3' AND `status` = 1  [ RunTime:0.0000s ]
SQL: UPDATE `momo_member` SET `login`=`login`+1,`last_login_time`='1502358391',`last_login_ip`='0' WHERE `uid` = 1 [ RunTime:0.0010s ]

[ 2017-08-10T17:46:33+08:00 ] ::1 /momo/Home/Menu/config.html?node=root
INFO: [ app_begin ] --START--
INFO: Run Behavior\ReadHtmlCacheBehavior [ RunTime:0.000000s ]
INFO: [ app_begin ] --END-- [ RunTime:0.000000s ]

[ 2017-08-10T17:46:33+08:00 ] ::1 /momo/Home/Menu/inquiry.html?node=root
INFO: [ app_begin ] --START--
INFO: Run Behavior\ReadHtmlCacheBehavior [ RunTime:0.001000s ]
INFO: [ app_begin ] --END-- [ RunTime:0.001000s ]

[ 2017-08-10T17:46:33+08:00 ] ::1 /momo/Home/Menu/distribute.html?node=root
INFO: [ app_begin ] --START--
INFO: Run Behavior\ReadHtmlCacheBehavior [ RunTime:0.000000s ]
INFO: [ app_begin ] --END-- [ RunTime:0.001000s ]

[ 2017-08-10T17:46:34+08:00 ] ::1 /momo/Home/Grade/getInfo.html?_dc=1502358393911&page=1&start=0&limit=15
INFO: [ app_begin ] --START--
INFO: Run Behavior\ReadHtmlCacheBehavior [ RunTime:0.000000s ]
INFO: [ app_begin ] --END-- [ RunTime:0.001000s ]
SQL: SHOW COLUMNS FROM `momo_grade` [ RunTime:0.0030s ]
SQL: SELECT COUNT(*) AS tp_count FROM `momo_grade` WHERE ( id>=1 ) LIMIT 1   [ RunTime:0.0170s ]
SQL: SELECT * FROM `momo_grade` LIMIT 0,15   [ RunTime:0.0010s ]

[ 2017-08-10T17:46:34+08:00 ] ::1 /momo/Home/User/getInfo.html?_dc=1502358393911&page=1&start=0&limit=15
INFO: [ app_begin ] --START--
INFO: Run Behavior\ReadHtmlCacheBehavior [ RunTime:0.001000s ]
INFO: [ app_begin ] --END-- [ RunTime:0.001000s ]
SQL: SHOW COLUMNS FROM `momo_user` [ RunTime:0.0020s ]
SQL: SELECT COUNT(*) AS tp_count FROM `momo_user` WHERE ( id>=1 ) LIMIT 1   [ RunTime:0.0180s ]
SQL: SELECT * FROM `momo_user` LIMIT 0,15   [ RunTime:0.0000s ]

[ 2017-08-10T17:46:34+08:00 ] ::1 /momo/Home/ChartLine/getInfo.html?_dc=1502358393913&page=1&start=0&limit=25
INFO: [ app_begin ] --START--
INFO: Run Behavior\ReadHtmlCacheBehavior [ RunTime:0.000000s ]
INFO: [ app_begin ] --END-- [ RunTime:0.001000s ]

[ 2017-08-10T17:46:34+08:00 ] ::1 /momo/Home/ChartBar/getInfo.html?_dc=1502358393913&page=1&start=0&limit=25
INFO: [ app_begin ] --START--
INFO: Run Behavior\ReadHtmlCacheBehavior [ RunTime:0.000000s ]
INFO: [ app_begin ] --END-- [ RunTime:0.000000s ]

[ 2017-08-10T17:48:46+08:00 ] ::1 /momo/Home/Public/login.html
INFO: [ app_begin ] --START--
INFO: Run Behavior\ReadHtmlCacheBehavior [ RunTime:0.001000s ]
INFO: [ app_begin ] --END-- [ RunTime:0.002000s ]
SQL: SHOW COLUMNS FROM `momo_member` [ RunTime:0.0010s ]
SQL: SELECT * FROM `momo_member` WHERE `username` = 'admin' AND `password` = '21232f297a57a5a743894a0e4a801fc3' AND `status` = 1  [ RunTime:0.0010s ]
SQL: UPDATE `momo_member` SET `login`=`login`+1,`last_login_time`='1502358525',`last_login_ip`='0' WHERE `uid` = 1 [ RunTime:0.0000s ]

[ 2017-08-10T17:48:47+08:00 ] ::1 /momo/Home/Menu/config.html?node=root
INFO: [ app_begin ] --START--
INFO: Run Behavior\ReadHtmlCacheBehavior [ RunTime:0.001000s ]
INFO: [ app_begin ] --END-- [ RunTime:0.001000s ]

[ 2017-08-10T17:48:47+08:00 ] ::1 /momo/Home/Menu/inquiry.html?node=root
INFO: [ app_begin ] --START--
INFO: Run Behavior\ReadHtmlCacheBehavior [ RunTime:0.001001s ]
INFO: [ app_begin ] --END-- [ RunTime:0.001001s ]

[ 2017-08-10T17:48:47+08:00 ] ::1 /momo/Home/Menu/distribute.html?node=root
INFO: [ app_begin ] --START--
INFO: Run Behavior\ReadHtmlCacheBehavior [ RunTime:0.001000s ]
INFO: [ app_begin ] --END-- [ RunTime:0.001000s ]

[ 2017-08-10T17:48:47+08:00 ] ::1 /momo/Home/Grade/getInfo.html?_dc=1502358527477&page=1&start=0&limit=15
INFO: [ app_begin ] --START--
INFO: Run Behavior\ReadHtmlCacheBehavior [ RunTime:0.000000s ]
INFO: [ app_begin ] --END-- [ RunTime:0.001000s ]
SQL: SHOW COLUMNS FROM `momo_grade` [ RunTime:0.0030s ]
SQL: SELECT COUNT(*) AS tp_count FROM `momo_grade` WHERE ( id>=1 ) LIMIT 1   [ RunTime:0.0010s ]
SQL: SELECT * FROM `momo_grade` LIMIT 0,15   [ RunTime:0.0000s ]

[ 2017-08-10T17:48:47+08:00 ] ::1 /momo/Home/ChartBar/getInfo.html?_dc=1502358527479&page=1&start=0&limit=25
INFO: [ app_begin ] --START--
INFO: Run Behavior\ReadHtmlCacheBehavior [ RunTime:0.001000s ]
INFO: [ app_begin ] --END-- [ RunTime:0.001000s ]

[ 2017-08-10T17:48:47+08:00 ] ::1 /momo/Home/User/getInfo.html?_dc=1502358527476&page=1&start=0&limit=15
INFO: [ app_begin ] --START--
INFO: Run Behavior\ReadHtmlCacheBehavior [ RunTime:0.000000s ]
INFO: [ app_begin ] --END-- [ RunTime:0.001000s ]
SQL: SHOW COLUMNS FROM `momo_user` [ RunTime:0.0010s ]
SQL: SELECT COUNT(*) AS tp_count FROM `momo_user` WHERE ( id>=1 ) LIMIT 1   [ RunTime:0.0000s ]
SQL: SELECT * FROM `momo_user` LIMIT 0,15   [ RunTime:0.0000s ]

[ 2017-08-10T17:48:47+08:00 ] ::1 /momo/Home/ChartLine/getInfo.html?_dc=1502358527478&page=1&start=0&limit=25
INFO: [ app_begin ] --START--
INFO: Run Behavior\ReadHtmlCacheBehavior [ RunTime:0.000000s ]
INFO: [ app_begin ] --END-- [ RunTime:0.001000s ]

[ 2017-08-10T17:49:25+08:00 ] ::1 /momo/Home/ConfigNetset/getInfo.html
INFO: [ app_begin ] --START--
INFO: Run Behavior\ReadHtmlCacheBehavior [ RunTime:0.002000s ]
INFO: [ app_begin ] --END-- [ RunTime:0.002000s ]
SQL: SHOW COLUMNS FROM `momo_config_netset` [ RunTime:0.0040s ]
SQL: SELECT * FROM `momo_config_netset` WHERE `id` = 1  [ RunTime:0.0140s ]

[ 2017-08-10T17:49:45+08:00 ] ::1 /momo/Home/ConfigDbset/getInfo.html
INFO: [ app_begin ] --START--
INFO: Run Behavior\ReadHtmlCacheBehavior [ RunTime:0.001000s ]
INFO: [ app_begin ] --END-- [ RunTime:0.003001s ]
SQL: SHOW COLUMNS FROM `momo_config_dbset` [ RunTime:0.0040s ]
SQL: SELECT * FROM `momo_config_dbset` WHERE `id` = 1  [ RunTime:0.0010s ]

